#-----------------------------------------------------------
# Vivado v2018.3 (64-bit)
# SW Build 2405991 on Thu Dec  6 23:38:27 MST 2018
# IP Build 2404404 on Fri Dec  7 01:43:56 MST 2018
# Start of session at: Sat Apr 23 13:39:44 2022
# Process ID: 36024
# Current directory: E:/Project/plus_compress/Origion_Wave_IQ
# Command line: vivado.exe -gui_launcher_event rodinguilauncherevent31280 E:\Project\plus_compress\Origion_Wave_IQ\Origion_Wave_IQ.xpr
# Log file: E:/Project/plus_compress/Origion_Wave_IQ/vivado.log
# Journal file: E:/Project/plus_compress/Origion_Wave_IQ\vivado.jou
#-----------------------------------------------------------
start_gui
open_project E:/Project/plus_compress/Origion_Wave_IQ/Origion_Wave_IQ.xpr
INFO: [Project 1-313] Project file moved from 'C:/Users/WYHAIRCAS/Desktop/plus_compress/Origion_Wave_IQ' since last save.
Scanning sources...
Finished scanning sources
INFO: [IP_Flow 19-234] Refreshing IP repositories
INFO: [IP_Flow 19-1704] No user IP repositories specified
INFO: [IP_Flow 19-2313] Loaded Vivado IP repository 'D:/install_location/vivado18_3/Vivado/2018.3/data/ip'.
open_project: Time (s): cpu = 00:00:12 ; elapsed = 00:00:06 . Memory (MB): peak = 799.738 ; gain = 113.055
update_compile_order -fileset sources_1
launch_simulation
INFO: [Vivado 12-5698] Checking validity of IPs in the design for the 'XSim' simulator...
INFO: [Vivado 12-5682] Launching behavioral simulation in 'E:/Project/plus_compress/Origion_Wave_IQ/Origion_Wave_IQ.sim/sim_1/behav/xsim'
INFO: [Vivado 12-4795] Using compiled simulation libraries for IPs
INFO: [SIM-utils-51] Simulation object is 'sim_1'
INFO: [USF-XSim-7] Finding pre-compiled libraries...
INFO: [USF-XSim-11] File 'D:/install_location/vivado18_3/Vivado/2018.3/data/xsim/xsim.ini' copied to run dir:'E:/Project/plus_compress/Origion_Wave_IQ/Origion_Wave_IQ.sim/sim_1/behav/xsim'
INFO: [SIM-utils-54] Inspecting design source files for 'tb_ROM_320x32_S_I_Q' in fileset 'sim_1'...
INFO: [SIM-utils-43] Exported 'E:/Project/plus_compress/Origion_Wave_IQ/Origion_Wave_IQ.sim/sim_1/behav/xsim/ROM_320x32_S_I.mif'
INFO: [SIM-utils-43] Exported 'E:/Project/plus_compress/Origion_Wave_IQ/Origion_Wave_IQ.sim/sim_1/behav/xsim/si.coe'
INFO: [SIM-utils-43] Exported 'E:/Project/plus_compress/Origion_Wave_IQ/Origion_Wave_IQ.sim/sim_1/behav/xsim/ROM_320x32_S_Q.mif'
INFO: [SIM-utils-43] Exported 'E:/Project/plus_compress/Origion_Wave_IQ/Origion_Wave_IQ.sim/sim_1/behav/xsim/sq.coe'
INFO: [USF-XSim-97] Finding global include files...
INFO: [USF-XSim-98] Fetching design files from 'sim_1'...
INFO: [USF-XSim-2] XSim::Compile design
INFO: [USF-XSim-61] Executing 'COMPILE and ANALYZE' step in 'E:/Project/plus_compress/Origion_Wave_IQ/Origion_Wave_IQ.sim/sim_1/behav/xsim'
"xvlog --incr --relax -prj tb_ROM_320x32_S_I_Q_vlog.prj"
INFO: [VRFC 10-2263] Analyzing Verilog file "E:/Project/plus_compress/Origion_Wave_IQ/Origion_Wave_IQ.srcs/sources_1/ip/ROM_320x32_S_Q/sim/ROM_320x32_S_Q.v" into library xil_defaultlib
INFO: [VRFC 10-311] analyzing module ROM_320x32_S_Q
INFO: [VRFC 10-2263] Analyzing Verilog file "E:/Project/plus_compress/Origion_Wave_IQ/Origion_Wave_IQ.srcs/sources_1/ip/ROM_320x32_S_I_1/sim/ROM_320x32_S_I.v" into library xil_defaultlib
INFO: [VRFC 10-311] analyzing module ROM_320x32_S_I
INFO: [VRFC 10-2263] Analyzing Verilog file "E:/Project/plus_compress/Origion_Wave_IQ/Origion_Wave_IQ.srcs/sources_1/new/ROM_S_I_Q.v" into library xil_defaultlib
INFO: [VRFC 10-311] analyzing module ROM_S_I_Q
INFO: [VRFC 10-2263] Analyzing Verilog file "E:/Project/plus_compress/Origion_Wave_IQ/Origion_Wave_IQ.srcs/sim_1/new/ROM_test.v" into library xil_defaultlib
INFO: [VRFC 10-311] analyzing module tb_ROM_320x32_S_I_Q
INFO: [VRFC 10-2263] Analyzing Verilog file "E:/Project/plus_compress/Origion_Wave_IQ/Origion_Wave_IQ.sim/sim_1/behav/xsim/glbl.v" into library xil_defaultlib
INFO: [VRFC 10-311] analyzing module glbl
INFO: [USF-XSim-69] 'compile' step finished in '2' seconds
INFO: [USF-XSim-3] XSim::Elaborate design
INFO: [USF-XSim-61] Executing 'ELABORATE' step in 'E:/Project/plus_compress/Origion_Wave_IQ/Origion_Wave_IQ.sim/sim_1/behav/xsim'
Vivado Simulator 2018.3
Copyright 1986-1999, 2001-2018 Xilinx, Inc. All Rights Reserved.
Running: D:/install_location/vivado18_3/Vivado/2018.3/bin/unwrapped/win64.o/xelab.exe -wto 8bbd016b877f4ae6994c0a42f6be2fa2 --incr --debug typical --relax --mt 2 -L blk_mem_gen_v8_4_2 -L xil_defaultlib -L unisims_ver -L unimacro_ver -L secureip -L xpm --snapshot tb_ROM_320x32_S_I_Q_behav xil_defaultlib.tb_ROM_320x32_S_I_Q xil_defaultlib.glbl -log elaborate.log 
Using 2 slave threads.
Starting static elaboration
Completed static elaboration
Starting simulation data flow analysis
Completed simulation data flow analysis
Time Resolution for simulation is 1ps
Compiling module blk_mem_gen_v8_4_2.blk_mem_gen_v8_4_2_output_stage(...
Compiling module blk_mem_gen_v8_4_2.blk_mem_gen_v8_4_2_softecc_outpu...
Compiling module blk_mem_gen_v8_4_2.blk_mem_gen_v8_4_2_mem_module(C_...
Compiling module blk_mem_gen_v8_4_2.blk_mem_gen_v8_4_2(C_FAMILY="kin...
Compiling module xil_defaultlib.ROM_320x32_S_I
Compiling module blk_mem_gen_v8_4_2.blk_mem_gen_v8_4_2_mem_module(C_...
Compiling module blk_mem_gen_v8_4_2.blk_mem_gen_v8_4_2(C_FAMILY="kin...
Compiling module xil_defaultlib.ROM_320x32_S_Q
Compiling module xil_defaultlib.ROM_S_I_Q
Compiling module xil_defaultlib.tb_ROM_320x32_S_I_Q
Compiling module xil_defaultlib.glbl
Built simulation snapshot tb_ROM_320x32_S_I_Q_behav

****** Webtalk v2018.3 (64-bit)
  **** SW Build 2405991 on Thu Dec  6 23:38:27 MST 2018
  **** IP Build 2404404 on Fri Dec  7 01:43:56 MST 2018
    ** Copyright 1986-2018 Xilinx, Inc. All Rights Reserved.

source E:/Project/plus_compress/Origion_Wave_IQ/Origion_Wave_IQ.sim/sim_1/behav/xsim/xsim.dir/tb_ROM_320x32_S_I_Q_behav/webtalk/xsim_webtalk.tcl -notrace
INFO: [Common 17-206] Exiting Webtalk at Sat Apr 23 13:40:15 2022...
run_program: Time (s): cpu = 00:00:00 ; elapsed = 00:00:07 . Memory (MB): peak = 861.992 ; gain = 0.000
INFO: [USF-XSim-69] 'elaborate' step finished in '7' seconds
INFO: [USF-XSim-4] XSim::Simulate design
INFO: [USF-XSim-61] Executing 'SIMULATE' step in 'E:/Project/plus_compress/Origion_Wave_IQ/Origion_Wave_IQ.sim/sim_1/behav/xsim'
INFO: [USF-XSim-98] *** Running xsim
   with args "tb_ROM_320x32_S_I_Q_behav -key {Behavioral:sim_1:Functional:tb_ROM_320x32_S_I_Q} -tclbatch {tb_ROM_320x32_S_I_Q.tcl} -log {simulate.log}"
INFO: [USF-XSim-8] Loading simulator feature
Vivado Simulator 2018.3
Time resolution is 1 ps
source tb_ROM_320x32_S_I_Q.tcl
# set curr_wave [current_wave_config]
# if { [string length $curr_wave] == 0 } {
#   if { [llength [get_objects]] > 0} {
#     add_wave /
#     set_property needs_save false [current_wave_config]
#   } else {
#      send_msg_id Add_Wave-1 WARNING "No top level signals found. Simulator will start without a wave window. If you want to open a wave window go to 'File->New Waveform Configuration' or type 'create_wave_config' in the TCL console."
#   }
# }
# run 1000ns
 Block Memory Generator module loading initial data...
 Block Memory Generator data initialization complete.
Block Memory Generator module tb_ROM_320x32_S_I_Q.ROM_S_I_Q_inst.ROM_320x32_S_I_inst.inst.native_mem_module.blk_mem_gen_v8_4_2_inst is using a behavioral model for simulation which will not precisely model memory collision behavior.
 Block Memory Generator module loading initial data...
 Block Memory Generator data initialization complete.
Block Memory Generator module tb_ROM_320x32_S_I_Q.ROM_S_I_Q_inst.ROM_320x32_S_Q_inst.inst.native_mem_module.blk_mem_gen_v8_4_2_inst is using a behavioral model for simulation which will not precisely model memory collision behavior.
INFO: [USF-XSim-96] XSim completed. Design snapshot 'tb_ROM_320x32_S_I_Q_behav' loaded.
INFO: [USF-XSim-97] XSim simulation ran for 1000ns
launch_simulation: Time (s): cpu = 00:00:06 ; elapsed = 00:00:13 . Memory (MB): peak = 880.891 ; gain = 18.898
run 1 ms
blk_mem_gen_v8_4_2 WARNING: Address 140 is outside range for A Read
blk_mem_gen_v8_4_2 WARNING: Address 140 is outside range for A Read
blk_mem_gen_v8_4_2 WARNING: Address 140 is outside range for A Read
blk_mem_gen_v8_4_2 WARNING: Address 140 is outside range for A Read
blk_mem_gen_v8_4_2 WARNING: Address 140 is outside range for A Read
blk_mem_gen_v8_4_2 WARNING: Address 140 is outside range for A Read
blk_mem_gen_v8_4_2 WARNING: Address 140 is outside range for A Read
blk_mem_gen_v8_4_2 WARNING: Address 140 is outside range for A Read
blk_mem_gen_v8_4_2 WARNING: Address 140 is outside range for A Read
blk_mem_gen_v8_4_2 WARNING: Address 140 is outside range for A Read
blk_mem_gen_v8_4_2 WARNING: Address 140 is outside range for A Read
blk_mem_gen_v8_4_2 WARNING: Address 140 is outside range for A Read
blk_mem_gen_v8_4_2 WARNING: Address 140 is outside range for A Read
blk_mem_gen_v8_4_2 WARNING: Address 140 is outside range for A Read
blk_mem_gen_v8_4_2 WARNING: Address 140 is outside range for A Read
blk_mem_gen_v8_4_2 WARNING: Address 140 is outside range for A Read
blk_mem_gen_v8_4_2 WARNING: Address 140 is outside range for A Read
blk_mem_gen_v8_4_2 WARNING: Address 140 is outside range for A Read
blk_mem_gen_v8_4_2 WARNING: Address 140 is outside range for A Read
blk_mem_gen_v8_4_2 WARNING: Address 140 is outside range for A Read
blk_mem_gen_v8_4_2 WARNING: Address 140 is outside range for A Read
blk_mem_gen_v8_4_2 WARNING: Address 140 is outside range for A Read
blk_mem_gen_v8_4_2 WARNING: Address 140 is outside range for A Read
blk_mem_gen_v8_4_2 WARNING: Address 140 is outside range for A Read
blk_mem_gen_v8_4_2 WARNING: Address 140 is outside range for A Read
blk_mem_gen_v8_4_2 WARNING: Address 140 is outside range for A Read
blk_mem_gen_v8_4_2 WARNING: Address 140 is outside range for A Read
blk_mem_gen_v8_4_2 WARNING: Address 140 is outside range for A Read
blk_mem_gen_v8_4_2 WARNING: Address 140 is outside range for A Read
blk_mem_gen_v8_4_2 WARNING: Address 140 is outside range for A Read
blk_mem_gen_v8_4_2 WARNING: Address 140 is outside range for A Read
blk_mem_gen_v8_4_2 WARNING: Address 140 is outside range for A Read
blk_mem_gen_v8_4_2 WARNING: Address 140 is outside range for A Read
blk_mem_gen_v8_4_2 WARNING: Address 140 is outside range for A Read
blk_mem_gen_v8_4_2 WARNING: Address 140 is outside range for A Read
blk_mem_gen_v8_4_2 WARNING: Address 140 is outside range for A Read
blk_mem_gen_v8_4_2 WARNING: Address 140 is outside range for A Read
blk_mem_gen_v8_4_2 WARNING: Address 140 is outside range for A Read
blk_mem_gen_v8_4_2 WARNING: Address 140 is outside range for A Read
blk_mem_gen_v8_4_2 WARNING: Address 140 is outside range for A Read
blk_mem_gen_v8_4_2 WARNING: Address 140 is outside range for A Read
blk_mem_gen_v8_4_2 WARNING: Address 140 is outside range for A Read
blk_mem_gen_v8_4_2 WARNING: Address 140 is outside range for A Read
blk_mem_gen_v8_4_2 WARNING: Address 140 is outside range for A Read
blk_mem_gen_v8_4_2 WARNING: Address 140 is outside range for A Read
blk_mem_gen_v8_4_2 WARNING: Address 140 is outside range for A Read
blk_mem_gen_v8_4_2 WARNING: Address 140 is outside range for A Read
blk_mem_gen_v8_4_2 WARNING: Address 140 is outside range for A Read
blk_mem_gen_v8_4_2 WARNING: Address 140 is outside range for A Read
blk_mem_gen_v8_4_2 WARNING: Address 140 is outside range for A Read
blk_mem_gen_v8_4_2 WARNING: Address 140 is outside range for A Read
blk_mem_gen_v8_4_2 WARNING: Address 140 is outside range for A Read
blk_mem_gen_v8_4_2 WARNING: Address 140 is outside range for A Read
blk_mem_gen_v8_4_2 WARNING: Address 140 is outside range for A Read
blk_mem_gen_v8_4_2 WARNING: Address 140 is outside range for A Read
blk_mem_gen_v8_4_2 WARNING: Address 140 is outside range for A Read
blk_mem_gen_v8_4_2 WARNING: Address 140 is outside range for A Read
blk_mem_gen_v8_4_2 WARNING: Address 140 is outside range for A Read
blk_mem_gen_v8_4_2 WARNING: Address 140 is outside range for A Read
blk_mem_gen_v8_4_2 WARNING: Address 140 is outside range for A Read
blk_mem_gen_v8_4_2 WARNING: Address 140 is outside range for A Read
blk_mem_gen_v8_4_2 WARNING: Address 140 is outside range for A Read
blk_mem_gen_v8_4_2 WARNING: Address 140 is outside range for A Read
blk_mem_gen_v8_4_2 WARNING: Address 140 is outside range for A Read
blk_mem_gen_v8_4_2 WARNING: Address 140 is outside range for A Read
blk_mem_gen_v8_4_2 WARNING: Address 140 is outside range for A Read
blk_mem_gen_v8_4_2 WARNING: Address 140 is outside range for A Read
blk_mem_gen_v8_4_2 WARNING: Address 140 is outside range for A Read
blk_mem_gen_v8_4_2 WARNING: Address 140 is outside range for A Read
blk_mem_gen_v8_4_2 WARNING: Address 140 is outside range for A Read
blk_mem_gen_v8_4_2 WARNING: Address 140 is outside range for A Read
blk_mem_gen_v8_4_2 WARNING: Address 140 is outside range for A Read
blk_mem_gen_v8_4_2 WARNING: Address 140 is outside range for A Read
blk_mem_gen_v8_4_2 WARNING: Address 140 is outside range for A Read
blk_mem_gen_v8_4_2 WARNING: Address 140 is outside range for A Read
blk_mem_gen_v8_4_2 WARNING: Address 140 is outside range for A Read
blk_mem_gen_v8_4_2 WARNING: Address 140 is outside range for A Read
blk_mem_gen_v8_4_2 WARNING: Address 140 is outside range for A Read
blk_mem_gen_v8_4_2 WARNING: Address 140 is outside range for A Read
blk_mem_gen_v8_4_2 WARNING: Address 140 is outside range for A Read
blk_mem_gen_v8_4_2 WARNING: Address 140 is outside range for A Read
blk_mem_gen_v8_4_2 WARNING: Address 140 is outside range for A Read
blk_mem_gen_v8_4_2 WARNING: Address 140 is outside range for A Read
blk_mem_gen_v8_4_2 WARNING: Address 140 is outside range for A Read
blk_mem_gen_v8_4_2 WARNING: Address 140 is outside range for A Read
blk_mem_gen_v8_4_2 WARNING: Address 140 is outside range for A Read
blk_mem_gen_v8_4_2 WARNING: Address 140 is outside range for A Read
blk_mem_gen_v8_4_2 WARNING: Address 140 is outside range for A Read
blk_mem_gen_v8_4_2 WARNING: Address 140 is outside range for A Read
blk_mem_gen_v8_4_2 WARNING: Address 140 is outside range for A Read
blk_mem_gen_v8_4_2 WARNING: Address 140 is outside range for A Read
blk_mem_gen_v8_4_2 WARNING: Address 140 is outside range for A Read
blk_mem_gen_v8_4_2 WARNING: Address 140 is outside range for A Read
blk_mem_gen_v8_4_2 WARNING: Address 140 is outside range for A Read
blk_mem_gen_v8_4_2 WARNING: Address 140 is outside range for A Read
blk_mem_gen_v8_4_2 WARNING: Address 140 is outside range for A Read
blk_mem_gen_v8_4_2 WARNING: Address 140 is outside range for A Read
blk_mem_gen_v8_4_2 WARNING: Address 140 is outside range for A Read
blk_mem_gen_v8_4_2 WARNING: Address 140 is outside range for A Read
blk_mem_gen_v8_4_2 WARNING: Address 140 is outside range for A Read
blk_mem_gen_v8_4_2 WARNING: Address 140 is outside range for A Read
blk_mem_gen_v8_4_2 WARNING: Address 140 is outside range for A Read
blk_mem_gen_v8_4_2 WARNING: Address 140 is outside range for A Read
blk_mem_gen_v8_4_2 WARNING: Address 140 is outside range for A Read
blk_mem_gen_v8_4_2 WARNING: Address 140 is outside range for A Read
blk_mem_gen_v8_4_2 WARNING: Address 140 is outside range for A Read
blk_mem_gen_v8_4_2 WARNING: Address 140 is outside range for A Read
blk_mem_gen_v8_4_2 WARNING: Address 140 is outside range for A Read
blk_mem_gen_v8_4_2 WARNING: Address 140 is outside range for A Read
blk_mem_gen_v8_4_2 WARNING: Address 140 is outside range for A Read
blk_mem_gen_v8_4_2 WARNING: Address 140 is outside range for A Read
blk_mem_gen_v8_4_2 WARNING: Address 140 is outside range for A Read
blk_mem_gen_v8_4_2 WARNING: Address 140 is outside range for A Read
blk_mem_gen_v8_4_2 WARNING: Address 140 is outside range for A Read
blk_mem_gen_v8_4_2 WARNING: Address 140 is outside range for A Read
blk_mem_gen_v8_4_2 WARNING: Address 140 is outside range for A Read
blk_mem_gen_v8_4_2 WARNING: Address 140 is outside range for A Read
blk_mem_gen_v8_4_2 WARNING: Address 140 is outside range for A Read
blk_mem_gen_v8_4_2 WARNING: Address 140 is outside range for A Read
blk_mem_gen_v8_4_2 WARNING: Address 140 is outside range for A Read
blk_mem_gen_v8_4_2 WARNING: Address 140 is outside range for A Read
blk_mem_gen_v8_4_2 WARNING: Address 140 is outside range for A Read
blk_mem_gen_v8_4_2 WARNING: Address 140 is outside range for A Read
blk_mem_gen_v8_4_2 WARNING: Address 140 is outside range for A Read
blk_mem_gen_v8_4_2 WARNING: Address 140 is outside range for A Read
blk_mem_gen_v8_4_2 WARNING: Address 140 is outside range for A Read
blk_mem_gen_v8_4_2 WARNING: Address 140 is outside range for A Read
blk_mem_gen_v8_4_2 WARNING: Address 140 is outside range for A Read
blk_mem_gen_v8_4_2 WARNING: Address 140 is outside range for A Read
blk_mem_gen_v8_4_2 WARNING: Address 140 is outside range for A Read
blk_mem_gen_v8_4_2 WARNING: Address 140 is outside range for A Read
blk_mem_gen_v8_4_2 WARNING: Address 140 is outside range for A Read
blk_mem_gen_v8_4_2 WARNING: Address 140 is outside range for A Read
blk_mem_gen_v8_4_2 WARNING: Address 140 is outside range for A Read
blk_mem_gen_v8_4_2 WARNING: Address 140 is outside range for A Read
blk_mem_gen_v8_4_2 WARNING: Address 140 is outside range for A Read
blk_mem_gen_v8_4_2 WARNING: Address 140 is outside range for A Read
blk_mem_gen_v8_4_2 WARNING: Address 140 is outside range for A Read
blk_mem_gen_v8_4_2 WARNING: Address 140 is outside range for A Read
blk_mem_gen_v8_4_2 WARNING: Address 140 is outside range for A Read
blk_mem_gen_v8_4_2 WARNING: Address 140 is outside range for A Read
blk_mem_gen_v8_4_2 WARNING: Address 140 is outside range for A Read
blk_mem_gen_v8_4_2 WARNING: Address 140 is outside range for A Read
blk_mem_gen_v8_4_2 WARNING: Address 140 is outside range for A Read
blk_mem_gen_v8_4_2 WARNING: Address 140 is outside range for A Read
blk_mem_gen_v8_4_2 WARNING: Address 140 is outside range for A Read
blk_mem_gen_v8_4_2 WARNING: Address 140 is outside range for A Read
blk_mem_gen_v8_4_2 WARNING: Address 140 is outside range for A Read
blk_mem_gen_v8_4_2 WARNING: Address 140 is outside range for A Read
blk_mem_gen_v8_4_2 WARNING: Address 140 is outside range for A Read
blk_mem_gen_v8_4_2 WARNING: Address 140 is outside range for A Read
blk_mem_gen_v8_4_2 WARNING: Address 140 is outside range for A Read
blk_mem_gen_v8_4_2 WARNING: Address 140 is outside range for A Read
blk_mem_gen_v8_4_2 WARNING: Address 140 is outside range for A Read
blk_mem_gen_v8_4_2 WARNING: Address 140 is outside range for A Read
blk_mem_gen_v8_4_2 WARNING: Address 140 is outside range for A Read
blk_mem_gen_v8_4_2 WARNING: Address 140 is outside range for A Read
blk_mem_gen_v8_4_2 WARNING: Address 140 is outside range for A Read
blk_mem_gen_v8_4_2 WARNING: Address 140 is outside range for A Read
blk_mem_gen_v8_4_2 WARNING: Address 140 is outside range for A Read
blk_mem_gen_v8_4_2 WARNING: Address 140 is outside range for A Read
blk_mem_gen_v8_4_2 WARNING: Address 140 is outside range for A Read
blk_mem_gen_v8_4_2 WARNING: Address 140 is outside range for A Read
blk_mem_gen_v8_4_2 WARNING: Address 140 is outside range for A Read
blk_mem_gen_v8_4_2 WARNING: Address 140 is outside range for A Read
blk_mem_gen_v8_4_2 WARNING: Address 140 is outside range for A Read
blk_mem_gen_v8_4_2 WARNING: Address 140 is outside range for A Read
blk_mem_gen_v8_4_2 WARNING: Address 140 is outside range for A Read
blk_mem_gen_v8_4_2 WARNING: Address 140 is outside range for A Read
blk_mem_gen_v8_4_2 WARNING: Address 140 is outside range for A Read
blk_mem_gen_v8_4_2 WARNING: Address 140 is outside range for A Read
blk_mem_gen_v8_4_2 WARNING: Address 140 is outside range for A Read
blk_mem_gen_v8_4_2 WARNING: Address 140 is outside range for A Read
blk_mem_gen_v8_4_2 WARNING: Address 140 is outside range for A Read
blk_mem_gen_v8_4_2 WARNING: Address 140 is outside range for A Read
blk_mem_gen_v8_4_2 WARNING: Address 140 is outside range for A Read
blk_mem_gen_v8_4_2 WARNING: Address 140 is outside range for A Read
blk_mem_gen_v8_4_2 WARNING: Address 140 is outside range for A Read
blk_mem_gen_v8_4_2 WARNING: Address 140 is outside range for A Read
blk_mem_gen_v8_4_2 WARNING: Address 140 is outside range for A Read
blk_mem_gen_v8_4_2 WARNING: Address 140 is outside range for A Read
blk_mem_gen_v8_4_2 WARNING: Address 140 is outside range for A Read
blk_mem_gen_v8_4_2 WARNING: Address 140 is outside range for A Read
blk_mem_gen_v8_4_2 WARNING: Address 140 is outside range for A Read
blk_mem_gen_v8_4_2 WARNING: Address 140 is outside range for A Read
blk_mem_gen_v8_4_2 WARNING: Address 140 is outside range for A Read
blk_mem_gen_v8_4_2 WARNING: Address 140 is outside range for A Read
blk_mem_gen_v8_4_2 WARNING: Address 140 is outside range for A Read
blk_mem_gen_v8_4_2 WARNING: Address 140 is outside range for A Read
blk_mem_gen_v8_4_2 WARNING: Address 140 is outside range for A Read
blk_mem_gen_v8_4_2 WARNING: Address 140 is outside range for A Read
blk_mem_gen_v8_4_2 WARNING: Address 140 is outside range for A Read
blk_mem_gen_v8_4_2 WARNING: Address 140 is outside range for A Read
blk_mem_gen_v8_4_2 WARNING: Address 140 is outside range for A Read
blk_mem_gen_v8_4_2 WARNING: Address 140 is outside range for A Read
blk_mem_gen_v8_4_2 WARNING: Address 140 is outside range for A Read
blk_mem_gen_v8_4_2 WARNING: Address 140 is outside range for A Read
blk_mem_gen_v8_4_2 WARNING: Address 140 is outside range for A Read
blk_mem_gen_v8_4_2 WARNING: Address 140 is outside range for A Read
blk_mem_gen_v8_4_2 WARNING: Address 140 is outside range for A Read
blk_mem_gen_v8_4_2 WARNING: Address 140 is outside range for A Read
blk_mem_gen_v8_4_2 WARNING: Address 140 is outside range for A Read
blk_mem_gen_v8_4_2 WARNING: Address 140 is outside range for A Read
blk_mem_gen_v8_4_2 WARNING: Address 140 is outside range for A Read
blk_mem_gen_v8_4_2 WARNING: Address 140 is outside range for A Read
blk_mem_gen_v8_4_2 WARNING: Address 140 is outside range for A Read
blk_mem_gen_v8_4_2 WARNING: Address 140 is outside range for A Read
blk_mem_gen_v8_4_2 WARNING: Address 140 is outside range for A Read
blk_mem_gen_v8_4_2 WARNING: Address 140 is outside range for A Read
blk_mem_gen_v8_4_2 WARNING: Address 140 is outside range for A Read
blk_mem_gen_v8_4_2 WARNING: Address 140 is outside range for A Read
blk_mem_gen_v8_4_2 WARNING: Address 140 is outside range for A Read
blk_mem_gen_v8_4_2 WARNING: Address 140 is outside range for A Read
blk_mem_gen_v8_4_2 WARNING: Address 140 is outside range for A Read
blk_mem_gen_v8_4_2 WARNING: Address 140 is outside range for A Read
blk_mem_gen_v8_4_2 WARNING: Address 140 is outside range for A Read
blk_mem_gen_v8_4_2 WARNING: Address 140 is outside range for A Read
blk_mem_gen_v8_4_2 WARNING: Address 140 is outside range for A Read
blk_mem_gen_v8_4_2 WARNING: Address 140 is outside range for A Read
blk_mem_gen_v8_4_2 WARNING: Address 140 is outside range for A Read
blk_mem_gen_v8_4_2 WARNING: Address 140 is outside range for A Read
blk_mem_gen_v8_4_2 WARNING: Address 140 is outside range for A Read
blk_mem_gen_v8_4_2 WARNING: Address 140 is outside range for A Read
blk_mem_gen_v8_4_2 WARNING: Address 140 is outside range for A Read
blk_mem_gen_v8_4_2 WARNING: Address 140 is outside range for A Read
blk_mem_gen_v8_4_2 WARNING: Address 140 is outside range for A Read
blk_mem_gen_v8_4_2 WARNING: Address 140 is outside range for A Read
blk_mem_gen_v8_4_2 WARNING: Address 140 is outside range for A Read
blk_mem_gen_v8_4_2 WARNING: Address 140 is outside range for A Read
blk_mem_gen_v8_4_2 WARNING: Address 140 is outside range for A Read
blk_mem_gen_v8_4_2 WARNING: Address 140 is outside range for A Read
blk_mem_gen_v8_4_2 WARNING: Address 140 is outside range for A Read
blk_mem_gen_v8_4_2 WARNING: Address 140 is outside range for A Read
blk_mem_gen_v8_4_2 WARNING: Address 140 is outside range for A Read
blk_mem_gen_v8_4_2 WARNING: Address 140 is outside range for A Read
blk_mem_gen_v8_4_2 WARNING: Address 140 is outside range for A Read
blk_mem_gen_v8_4_2 WARNING: Address 140 is outside range for A Read
blk_mem_gen_v8_4_2 WARNING: Address 140 is outside range for A Read
blk_mem_gen_v8_4_2 WARNING: Address 140 is outside range for A Read
blk_mem_gen_v8_4_2 WARNING: Address 140 is outside range for A Read
blk_mem_gen_v8_4_2 WARNING: Address 140 is outside range for A Read
blk_mem_gen_v8_4_2 WARNING: Address 140 is outside range for A Read
blk_mem_gen_v8_4_2 WARNING: Address 140 is outside range for A Read
blk_mem_gen_v8_4_2 WARNING: Address 140 is outside range for A Read
blk_mem_gen_v8_4_2 WARNING: Address 140 is outside range for A Read
blk_mem_gen_v8_4_2 WARNING: Address 140 is outside range for A Read
blk_mem_gen_v8_4_2 WARNING: Address 140 is outside range for A Read
blk_mem_gen_v8_4_2 WARNING: Address 140 is outside range for A Read
blk_mem_gen_v8_4_2 WARNING: Address 140 is outside range for A Read
blk_mem_gen_v8_4_2 WARNING: Address 140 is outside range for A Read
blk_mem_gen_v8_4_2 WARNING: Address 140 is outside range for A Read
blk_mem_gen_v8_4_2 WARNING: Address 140 is outside range for A Read
blk_mem_gen_v8_4_2 WARNING: Address 140 is outside range for A Read
blk_mem_gen_v8_4_2 WARNING: Address 140 is outside range for A Read
blk_mem_gen_v8_4_2 WARNING: Address 140 is outside range for A Read
blk_mem_gen_v8_4_2 WARNING: Address 140 is outside range for A Read
blk_mem_gen_v8_4_2 WARNING: Address 140 is outside range for A Read
blk_mem_gen_v8_4_2 WARNING: Address 140 is outside range for A Read
blk_mem_gen_v8_4_2 WARNING: Address 140 is outside range for A Read
blk_mem_gen_v8_4_2 WARNING: Address 140 is outside range for A Read
blk_mem_gen_v8_4_2 WARNING: Address 140 is outside range for A Read
blk_mem_gen_v8_4_2 WARNING: Address 140 is outside range for A Read
blk_mem_gen_v8_4_2 WARNING: Address 140 is outside range for A Read
blk_mem_gen_v8_4_2 WARNING: Address 140 is outside range for A Read
blk_mem_gen_v8_4_2 WARNING: Address 140 is outside range for A Read
blk_mem_gen_v8_4_2 WARNING: Address 140 is outside range for A Read
blk_mem_gen_v8_4_2 WARNING: Address 140 is outside range for A Read
blk_mem_gen_v8_4_2 WARNING: Address 140 is outside range for A Read
blk_mem_gen_v8_4_2 WARNING: Address 140 is outside range for A Read
blk_mem_gen_v8_4_2 WARNING: Address 140 is outside range for A Read
blk_mem_gen_v8_4_2 WARNING: Address 140 is outside range for A Read
blk_mem_gen_v8_4_2 WARNING: Address 140 is outside range for A Read
blk_mem_gen_v8_4_2 WARNING: Address 140 is outside range for A Read
blk_mem_gen_v8_4_2 WARNING: Address 140 is outside range for A Read
blk_mem_gen_v8_4_2 WARNING: Address 140 is outside range for A Read
blk_mem_gen_v8_4_2 WARNING: Address 140 is outside range for A Read
blk_mem_gen_v8_4_2 WARNING: Address 140 is outside range for A Read
blk_mem_gen_v8_4_2 WARNING: Address 140 is outside range for A Read
blk_mem_gen_v8_4_2 WARNING: Address 140 is outside range for A Read
blk_mem_gen_v8_4_2 WARNING: Address 140 is outside range for A Read
blk_mem_gen_v8_4_2 WARNING: Address 140 is outside range for A Read
blk_mem_gen_v8_4_2 WARNING: Address 140 is outside range for A Read
blk_mem_gen_v8_4_2 WARNING: Address 140 is outside range for A Read
blk_mem_gen_v8_4_2 WARNING: Address 140 is outside range for A Read
blk_mem_gen_v8_4_2 WARNING: Address 140 is outside range for A Read
blk_mem_gen_v8_4_2 WARNING: Address 140 is outside range for A Read
blk_mem_gen_v8_4_2 WARNING: Address 140 is outside range for A Read
blk_mem_gen_v8_4_2 WARNING: Address 140 is outside range for A Read
blk_mem_gen_v8_4_2 WARNING: Address 140 is outside range for A Read
blk_mem_gen_v8_4_2 WARNING: Address 140 is outside range for A Read
blk_mem_gen_v8_4_2 WARNING: Address 140 is outside range for A Read
blk_mem_gen_v8_4_2 WARNING: Address 140 is outside range for A Read
blk_mem_gen_v8_4_2 WARNING: Address 140 is outside range for A Read
blk_mem_gen_v8_4_2 WARNING: Address 140 is outside range for A Read
blk_mem_gen_v8_4_2 WARNING: Address 140 is outside range for A Read
blk_mem_gen_v8_4_2 WARNING: Address 140 is outside range for A Read
blk_mem_gen_v8_4_2 WARNING: Address 140 is outside range for A Read
blk_mem_gen_v8_4_2 WARNING: Address 140 is outside range for A Read
blk_mem_gen_v8_4_2 WARNING: Address 140 is outside range for A Read
blk_mem_gen_v8_4_2 WARNING: Address 140 is outside range for A Read
blk_mem_gen_v8_4_2 WARNING: Address 140 is outside range for A Read
blk_mem_gen_v8_4_2 WARNING: Address 140 is outside range for A Read
blk_mem_gen_v8_4_2 WARNING: Address 140 is outside range for A Read
blk_mem_gen_v8_4_2 WARNING: Address 140 is outside range for A Read
blk_mem_gen_v8_4_2 WARNING: Address 140 is outside range for A Read
blk_mem_gen_v8_4_2 WARNING: Address 140 is outside range for A Read
blk_mem_gen_v8_4_2 WARNING: Address 140 is outside range for A Read
blk_mem_gen_v8_4_2 WARNING: Address 140 is outside range for A Read
blk_mem_gen_v8_4_2 WARNING: Address 140 is outside range for A Read
blk_mem_gen_v8_4_2 WARNING: Address 140 is outside range for A Read
blk_mem_gen_v8_4_2 WARNING: Address 140 is outside range for A Read
blk_mem_gen_v8_4_2 WARNING: Address 140 is outside range for A Read
run 1 ms
blk_mem_gen_v8_4_2 WARNING: Address 140 is outside range for A Read
blk_mem_gen_v8_4_2 WARNING: Address 140 is outside range for A Read
blk_mem_gen_v8_4_2 WARNING: Address 140 is outside range for A Read
blk_mem_gen_v8_4_2 WARNING: Address 140 is outside range for A Read
blk_mem_gen_v8_4_2 WARNING: Address 140 is outside range for A Read
blk_mem_gen_v8_4_2 WARNING: Address 140 is outside range for A Read
blk_mem_gen_v8_4_2 WARNING: Address 140 is outside range for A Read
blk_mem_gen_v8_4_2 WARNING: Address 140 is outside range for A Read
blk_mem_gen_v8_4_2 WARNING: Address 140 is outside range for A Read
blk_mem_gen_v8_4_2 WARNING: Address 140 is outside range for A Read
blk_mem_gen_v8_4_2 WARNING: Address 140 is outside range for A Read
blk_mem_gen_v8_4_2 WARNING: Address 140 is outside range for A Read
blk_mem_gen_v8_4_2 WARNING: Address 140 is outside range for A Read
blk_mem_gen_v8_4_2 WARNING: Address 140 is outside range for A Read
blk_mem_gen_v8_4_2 WARNING: Address 140 is outside range for A Read
blk_mem_gen_v8_4_2 WARNING: Address 140 is outside range for A Read
blk_mem_gen_v8_4_2 WARNING: Address 140 is outside range for A Read
blk_mem_gen_v8_4_2 WARNING: Address 140 is outside range for A Read
blk_mem_gen_v8_4_2 WARNING: Address 140 is outside range for A Read
blk_mem_gen_v8_4_2 WARNING: Address 140 is outside range for A Read
blk_mem_gen_v8_4_2 WARNING: Address 140 is outside range for A Read
blk_mem_gen_v8_4_2 WARNING: Address 140 is outside range for A Read
blk_mem_gen_v8_4_2 WARNING: Address 140 is outside range for A Read
blk_mem_gen_v8_4_2 WARNING: Address 140 is outside range for A Read
blk_mem_gen_v8_4_2 WARNING: Address 140 is outside range for A Read
blk_mem_gen_v8_4_2 WARNING: Address 140 is outside range for A Read
blk_mem_gen_v8_4_2 WARNING: Address 140 is outside range for A Read
blk_mem_gen_v8_4_2 WARNING: Address 140 is outside range for A Read
blk_mem_gen_v8_4_2 WARNING: Address 140 is outside range for A Read
blk_mem_gen_v8_4_2 WARNING: Address 140 is outside range for A Read
blk_mem_gen_v8_4_2 WARNING: Address 140 is outside range for A Read
blk_mem_gen_v8_4_2 WARNING: Address 140 is outside range for A Read
blk_mem_gen_v8_4_2 WARNING: Address 140 is outside range for A Read
blk_mem_gen_v8_4_2 WARNING: Address 140 is outside range for A Read
blk_mem_gen_v8_4_2 WARNING: Address 140 is outside range for A Read
blk_mem_gen_v8_4_2 WARNING: Address 140 is outside range for A Read
blk_mem_gen_v8_4_2 WARNING: Address 140 is outside range for A Read
blk_mem_gen_v8_4_2 WARNING: Address 140 is outside range for A Read
blk_mem_gen_v8_4_2 WARNING: Address 140 is outside range for A Read
blk_mem_gen_v8_4_2 WARNING: Address 140 is outside range for A Read
blk_mem_gen_v8_4_2 WARNING: Address 140 is outside range for A Read
blk_mem_gen_v8_4_2 WARNING: Address 140 is outside range for A Read
blk_mem_gen_v8_4_2 WARNING: Address 140 is outside range for A Read
blk_mem_gen_v8_4_2 WARNING: Address 140 is outside range for A Read
blk_mem_gen_v8_4_2 WARNING: Address 140 is outside range for A Read
blk_mem_gen_v8_4_2 WARNING: Address 140 is outside range for A Read
blk_mem_gen_v8_4_2 WARNING: Address 140 is outside range for A Read
blk_mem_gen_v8_4_2 WARNING: Address 140 is outside range for A Read
blk_mem_gen_v8_4_2 WARNING: Address 140 is outside range for A Read
blk_mem_gen_v8_4_2 WARNING: Address 140 is outside range for A Read
blk_mem_gen_v8_4_2 WARNING: Address 140 is outside range for A Read
blk_mem_gen_v8_4_2 WARNING: Address 140 is outside range for A Read
blk_mem_gen_v8_4_2 WARNING: Address 140 is outside range for A Read
blk_mem_gen_v8_4_2 WARNING: Address 140 is outside range for A Read
blk_mem_gen_v8_4_2 WARNING: Address 140 is outside range for A Read
blk_mem_gen_v8_4_2 WARNING: Address 140 is outside range for A Read
blk_mem_gen_v8_4_2 WARNING: Address 140 is outside range for A Read
blk_mem_gen_v8_4_2 WARNING: Address 140 is outside range for A Read
blk_mem_gen_v8_4_2 WARNING: Address 140 is outside range for A Read
blk_mem_gen_v8_4_2 WARNING: Address 140 is outside range for A Read
blk_mem_gen_v8_4_2 WARNING: Address 140 is outside range for A Read
blk_mem_gen_v8_4_2 WARNING: Address 140 is outside range for A Read
blk_mem_gen_v8_4_2 WARNING: Address 140 is outside range for A Read
blk_mem_gen_v8_4_2 WARNING: Address 140 is outside range for A Read
blk_mem_gen_v8_4_2 WARNING: Address 140 is outside range for A Read
blk_mem_gen_v8_4_2 WARNING: Address 140 is outside range for A Read
blk_mem_gen_v8_4_2 WARNING: Address 140 is outside range for A Read
blk_mem_gen_v8_4_2 WARNING: Address 140 is outside range for A Read
blk_mem_gen_v8_4_2 WARNING: Address 140 is outside range for A Read
blk_mem_gen_v8_4_2 WARNING: Address 140 is outside range for A Read
blk_mem_gen_v8_4_2 WARNING: Address 140 is outside range for A Read
blk_mem_gen_v8_4_2 WARNING: Address 140 is outside range for A Read
blk_mem_gen_v8_4_2 WARNING: Address 140 is outside range for A Read
blk_mem_gen_v8_4_2 WARNING: Address 140 is outside range for A Read
blk_mem_gen_v8_4_2 WARNING: Address 140 is outside range for A Read
blk_mem_gen_v8_4_2 WARNING: Address 140 is outside range for A Read
blk_mem_gen_v8_4_2 WARNING: Address 140 is outside range for A Read
blk_mem_gen_v8_4_2 WARNING: Address 140 is outside range for A Read
blk_mem_gen_v8_4_2 WARNING: Address 140 is outside range for A Read
blk_mem_gen_v8_4_2 WARNING: Address 140 is outside range for A Read
blk_mem_gen_v8_4_2 WARNING: Address 140 is outside range for A Read
blk_mem_gen_v8_4_2 WARNING: Address 140 is outside range for A Read
blk_mem_gen_v8_4_2 WARNING: Address 140 is outside range for A Read
blk_mem_gen_v8_4_2 WARNING: Address 140 is outside range for A Read
blk_mem_gen_v8_4_2 WARNING: Address 140 is outside range for A Read
blk_mem_gen_v8_4_2 WARNING: Address 140 is outside range for A Read
blk_mem_gen_v8_4_2 WARNING: Address 140 is outside range for A Read
blk_mem_gen_v8_4_2 WARNING: Address 140 is outside range for A Read
blk_mem_gen_v8_4_2 WARNING: Address 140 is outside range for A Read
blk_mem_gen_v8_4_2 WARNING: Address 140 is outside range for A Read
blk_mem_gen_v8_4_2 WARNING: Address 140 is outside range for A Read
blk_mem_gen_v8_4_2 WARNING: Address 140 is outside range for A Read
blk_mem_gen_v8_4_2 WARNING: Address 140 is outside range for A Read
blk_mem_gen_v8_4_2 WARNING: Address 140 is outside range for A Read
blk_mem_gen_v8_4_2 WARNING: Address 140 is outside range for A Read
blk_mem_gen_v8_4_2 WARNING: Address 140 is outside range for A Read
blk_mem_gen_v8_4_2 WARNING: Address 140 is outside range for A Read
blk_mem_gen_v8_4_2 WARNING: Address 140 is outside range for A Read
blk_mem_gen_v8_4_2 WARNING: Address 140 is outside range for A Read
blk_mem_gen_v8_4_2 WARNING: Address 140 is outside range for A Read
blk_mem_gen_v8_4_2 WARNING: Address 140 is outside range for A Read
blk_mem_gen_v8_4_2 WARNING: Address 140 is outside range for A Read
blk_mem_gen_v8_4_2 WARNING: Address 140 is outside range for A Read
blk_mem_gen_v8_4_2 WARNING: Address 140 is outside range for A Read
blk_mem_gen_v8_4_2 WARNING: Address 140 is outside range for A Read
blk_mem_gen_v8_4_2 WARNING: Address 140 is outside range for A Read
blk_mem_gen_v8_4_2 WARNING: Address 140 is outside range for A Read
blk_mem_gen_v8_4_2 WARNING: Address 140 is outside range for A Read
blk_mem_gen_v8_4_2 WARNING: Address 140 is outside range for A Read
blk_mem_gen_v8_4_2 WARNING: Address 140 is outside range for A Read
blk_mem_gen_v8_4_2 WARNING: Address 140 is outside range for A Read
blk_mem_gen_v8_4_2 WARNING: Address 140 is outside range for A Read
blk_mem_gen_v8_4_2 WARNING: Address 140 is outside range for A Read
blk_mem_gen_v8_4_2 WARNING: Address 140 is outside range for A Read
blk_mem_gen_v8_4_2 WARNING: Address 140 is outside range for A Read
blk_mem_gen_v8_4_2 WARNING: Address 140 is outside range for A Read
blk_mem_gen_v8_4_2 WARNING: Address 140 is outside range for A Read
blk_mem_gen_v8_4_2 WARNING: Address 140 is outside range for A Read
blk_mem_gen_v8_4_2 WARNING: Address 140 is outside range for A Read
blk_mem_gen_v8_4_2 WARNING: Address 140 is outside range for A Read
blk_mem_gen_v8_4_2 WARNING: Address 140 is outside range for A Read
blk_mem_gen_v8_4_2 WARNING: Address 140 is outside range for A Read
blk_mem_gen_v8_4_2 WARNING: Address 140 is outside range for A Read
blk_mem_gen_v8_4_2 WARNING: Address 140 is outside range for A Read
blk_mem_gen_v8_4_2 WARNING: Address 140 is outside range for A Read
blk_mem_gen_v8_4_2 WARNING: Address 140 is outside range for A Read
blk_mem_gen_v8_4_2 WARNING: Address 140 is outside range for A Read
blk_mem_gen_v8_4_2 WARNING: Address 140 is outside range for A Read
blk_mem_gen_v8_4_2 WARNING: Address 140 is outside range for A Read
blk_mem_gen_v8_4_2 WARNING: Address 140 is outside range for A Read
blk_mem_gen_v8_4_2 WARNING: Address 140 is outside range for A Read
blk_mem_gen_v8_4_2 WARNING: Address 140 is outside range for A Read
blk_mem_gen_v8_4_2 WARNING: Address 140 is outside range for A Read
blk_mem_gen_v8_4_2 WARNING: Address 140 is outside range for A Read
blk_mem_gen_v8_4_2 WARNING: Address 140 is outside range for A Read
blk_mem_gen_v8_4_2 WARNING: Address 140 is outside range for A Read
blk_mem_gen_v8_4_2 WARNING: Address 140 is outside range for A Read
blk_mem_gen_v8_4_2 WARNING: Address 140 is outside range for A Read
blk_mem_gen_v8_4_2 WARNING: Address 140 is outside range for A Read
blk_mem_gen_v8_4_2 WARNING: Address 140 is outside range for A Read
blk_mem_gen_v8_4_2 WARNING: Address 140 is outside range for A Read
blk_mem_gen_v8_4_2 WARNING: Address 140 is outside range for A Read
blk_mem_gen_v8_4_2 WARNING: Address 140 is outside range for A Read
blk_mem_gen_v8_4_2 WARNING: Address 140 is outside range for A Read
blk_mem_gen_v8_4_2 WARNING: Address 140 is outside range for A Read
blk_mem_gen_v8_4_2 WARNING: Address 140 is outside range for A Read
blk_mem_gen_v8_4_2 WARNING: Address 140 is outside range for A Read
blk_mem_gen_v8_4_2 WARNING: Address 140 is outside range for A Read
blk_mem_gen_v8_4_2 WARNING: Address 140 is outside range for A Read
blk_mem_gen_v8_4_2 WARNING: Address 140 is outside range for A Read
blk_mem_gen_v8_4_2 WARNING: Address 140 is outside range for A Read
blk_mem_gen_v8_4_2 WARNING: Address 140 is outside range for A Read
blk_mem_gen_v8_4_2 WARNING: Address 140 is outside range for A Read
blk_mem_gen_v8_4_2 WARNING: Address 140 is outside range for A Read
blk_mem_gen_v8_4_2 WARNING: Address 140 is outside range for A Read
blk_mem_gen_v8_4_2 WARNING: Address 140 is outside range for A Read
blk_mem_gen_v8_4_2 WARNING: Address 140 is outside range for A Read
blk_mem_gen_v8_4_2 WARNING: Address 140 is outside range for A Read
blk_mem_gen_v8_4_2 WARNING: Address 140 is outside range for A Read
blk_mem_gen_v8_4_2 WARNING: Address 140 is outside range for A Read
blk_mem_gen_v8_4_2 WARNING: Address 140 is outside range for A Read
blk_mem_gen_v8_4_2 WARNING: Address 140 is outside range for A Read
blk_mem_gen_v8_4_2 WARNING: Address 140 is outside range for A Read
blk_mem_gen_v8_4_2 WARNING: Address 140 is outside range for A Read
blk_mem_gen_v8_4_2 WARNING: Address 140 is outside range for A Read
blk_mem_gen_v8_4_2 WARNING: Address 140 is outside range for A Read
blk_mem_gen_v8_4_2 WARNING: Address 140 is outside range for A Read
blk_mem_gen_v8_4_2 WARNING: Address 140 is outside range for A Read
blk_mem_gen_v8_4_2 WARNING: Address 140 is outside range for A Read
blk_mem_gen_v8_4_2 WARNING: Address 140 is outside range for A Read
blk_mem_gen_v8_4_2 WARNING: Address 140 is outside range for A Read
blk_mem_gen_v8_4_2 WARNING: Address 140 is outside range for A Read
blk_mem_gen_v8_4_2 WARNING: Address 140 is outside range for A Read
blk_mem_gen_v8_4_2 WARNING: Address 140 is outside range for A Read
blk_mem_gen_v8_4_2 WARNING: Address 140 is outside range for A Read
blk_mem_gen_v8_4_2 WARNING: Address 140 is outside range for A Read
blk_mem_gen_v8_4_2 WARNING: Address 140 is outside range for A Read
blk_mem_gen_v8_4_2 WARNING: Address 140 is outside range for A Read
blk_mem_gen_v8_4_2 WARNING: Address 140 is outside range for A Read
blk_mem_gen_v8_4_2 WARNING: Address 140 is outside range for A Read
blk_mem_gen_v8_4_2 WARNING: Address 140 is outside range for A Read
blk_mem_gen_v8_4_2 WARNING: Address 140 is outside range for A Read
blk_mem_gen_v8_4_2 WARNING: Address 140 is outside range for A Read
blk_mem_gen_v8_4_2 WARNING: Address 140 is outside range for A Read
blk_mem_gen_v8_4_2 WARNING: Address 140 is outside range for A Read
blk_mem_gen_v8_4_2 WARNING: Address 140 is outside range for A Read
blk_mem_gen_v8_4_2 WARNING: Address 140 is outside range for A Read
blk_mem_gen_v8_4_2 WARNING: Address 140 is outside range for A Read
blk_mem_gen_v8_4_2 WARNING: Address 140 is outside range for A Read
blk_mem_gen_v8_4_2 WARNING: Address 140 is outside range for A Read
blk_mem_gen_v8_4_2 WARNING: Address 140 is outside range for A Read
blk_mem_gen_v8_4_2 WARNING: Address 140 is outside range for A Read
blk_mem_gen_v8_4_2 WARNING: Address 140 is outside range for A Read
blk_mem_gen_v8_4_2 WARNING: Address 140 is outside range for A Read
blk_mem_gen_v8_4_2 WARNING: Address 140 is outside range for A Read
blk_mem_gen_v8_4_2 WARNING: Address 140 is outside range for A Read
blk_mem_gen_v8_4_2 WARNING: Address 140 is outside range for A Read
blk_mem_gen_v8_4_2 WARNING: Address 140 is outside range for A Read
blk_mem_gen_v8_4_2 WARNING: Address 140 is outside range for A Read
blk_mem_gen_v8_4_2 WARNING: Address 140 is outside range for A Read
blk_mem_gen_v8_4_2 WARNING: Address 140 is outside range for A Read
blk_mem_gen_v8_4_2 WARNING: Address 140 is outside range for A Read
blk_mem_gen_v8_4_2 WARNING: Address 140 is outside range for A Read
blk_mem_gen_v8_4_2 WARNING: Address 140 is outside range for A Read
blk_mem_gen_v8_4_2 WARNING: Address 140 is outside range for A Read
blk_mem_gen_v8_4_2 WARNING: Address 140 is outside range for A Read
blk_mem_gen_v8_4_2 WARNING: Address 140 is outside range for A Read
blk_mem_gen_v8_4_2 WARNING: Address 140 is outside range for A Read
blk_mem_gen_v8_4_2 WARNING: Address 140 is outside range for A Read
blk_mem_gen_v8_4_2 WARNING: Address 140 is outside range for A Read
blk_mem_gen_v8_4_2 WARNING: Address 140 is outside range for A Read
blk_mem_gen_v8_4_2 WARNING: Address 140 is outside range for A Read
blk_mem_gen_v8_4_2 WARNING: Address 140 is outside range for A Read
blk_mem_gen_v8_4_2 WARNING: Address 140 is outside range for A Read
blk_mem_gen_v8_4_2 WARNING: Address 140 is outside range for A Read
blk_mem_gen_v8_4_2 WARNING: Address 140 is outside range for A Read
blk_mem_gen_v8_4_2 WARNING: Address 140 is outside range for A Read
blk_mem_gen_v8_4_2 WARNING: Address 140 is outside range for A Read
blk_mem_gen_v8_4_2 WARNING: Address 140 is outside range for A Read
blk_mem_gen_v8_4_2 WARNING: Address 140 is outside range for A Read
blk_mem_gen_v8_4_2 WARNING: Address 140 is outside range for A Read
blk_mem_gen_v8_4_2 WARNING: Address 140 is outside range for A Read
blk_mem_gen_v8_4_2 WARNING: Address 140 is outside range for A Read
blk_mem_gen_v8_4_2 WARNING: Address 140 is outside range for A Read
blk_mem_gen_v8_4_2 WARNING: Address 140 is outside range for A Read
blk_mem_gen_v8_4_2 WARNING: Address 140 is outside range for A Read
blk_mem_gen_v8_4_2 WARNING: Address 140 is outside range for A Read
blk_mem_gen_v8_4_2 WARNING: Address 140 is outside range for A Read
blk_mem_gen_v8_4_2 WARNING: Address 140 is outside range for A Read
blk_mem_gen_v8_4_2 WARNING: Address 140 is outside range for A Read
blk_mem_gen_v8_4_2 WARNING: Address 140 is outside range for A Read
blk_mem_gen_v8_4_2 WARNING: Address 140 is outside range for A Read
blk_mem_gen_v8_4_2 WARNING: Address 140 is outside range for A Read
blk_mem_gen_v8_4_2 WARNING: Address 140 is outside range for A Read
blk_mem_gen_v8_4_2 WARNING: Address 140 is outside range for A Read
blk_mem_gen_v8_4_2 WARNING: Address 140 is outside range for A Read
blk_mem_gen_v8_4_2 WARNING: Address 140 is outside range for A Read
blk_mem_gen_v8_4_2 WARNING: Address 140 is outside range for A Read
blk_mem_gen_v8_4_2 WARNING: Address 140 is outside range for A Read
blk_mem_gen_v8_4_2 WARNING: Address 140 is outside range for A Read
blk_mem_gen_v8_4_2 WARNING: Address 140 is outside range for A Read
blk_mem_gen_v8_4_2 WARNING: Address 140 is outside range for A Read
blk_mem_gen_v8_4_2 WARNING: Address 140 is outside range for A Read
blk_mem_gen_v8_4_2 WARNING: Address 140 is outside range for A Read
blk_mem_gen_v8_4_2 WARNING: Address 140 is outside range for A Read
blk_mem_gen_v8_4_2 WARNING: Address 140 is outside range for A Read
blk_mem_gen_v8_4_2 WARNING: Address 140 is outside range for A Read
blk_mem_gen_v8_4_2 WARNING: Address 140 is outside range for A Read
blk_mem_gen_v8_4_2 WARNING: Address 140 is outside range for A Read
blk_mem_gen_v8_4_2 WARNING: Address 140 is outside range for A Read
blk_mem_gen_v8_4_2 WARNING: Address 140 is outside range for A Read
blk_mem_gen_v8_4_2 WARNING: Address 140 is outside range for A Read
blk_mem_gen_v8_4_2 WARNING: Address 140 is outside range for A Read
blk_mem_gen_v8_4_2 WARNING: Address 140 is outside range for A Read
blk_mem_gen_v8_4_2 WARNING: Address 140 is outside range for A Read
blk_mem_gen_v8_4_2 WARNING: Address 140 is outside range for A Read
blk_mem_gen_v8_4_2 WARNING: Address 140 is outside range for A Read
blk_mem_gen_v8_4_2 WARNING: Address 140 is outside range for A Read
blk_mem_gen_v8_4_2 WARNING: Address 140 is outside range for A Read
blk_mem_gen_v8_4_2 WARNING: Address 140 is outside range for A Read
blk_mem_gen_v8_4_2 WARNING: Address 140 is outside range for A Read
blk_mem_gen_v8_4_2 WARNING: Address 140 is outside range for A Read
blk_mem_gen_v8_4_2 WARNING: Address 140 is outside range for A Read
blk_mem_gen_v8_4_2 WARNING: Address 140 is outside range for A Read
blk_mem_gen_v8_4_2 WARNING: Address 140 is outside range for A Read
blk_mem_gen_v8_4_2 WARNING: Address 140 is outside range for A Read
blk_mem_gen_v8_4_2 WARNING: Address 140 is outside range for A Read
blk_mem_gen_v8_4_2 WARNING: Address 140 is outside range for A Read
blk_mem_gen_v8_4_2 WARNING: Address 140 is outside range for A Read
blk_mem_gen_v8_4_2 WARNING: Address 140 is outside range for A Read
blk_mem_gen_v8_4_2 WARNING: Address 140 is outside range for A Read
blk_mem_gen_v8_4_2 WARNING: Address 140 is outside range for A Read
blk_mem_gen_v8_4_2 WARNING: Address 140 is outside range for A Read
blk_mem_gen_v8_4_2 WARNING: Address 140 is outside range for A Read
blk_mem_gen_v8_4_2 WARNING: Address 140 is outside range for A Read
blk_mem_gen_v8_4_2 WARNING: Address 140 is outside range for A Read
blk_mem_gen_v8_4_2 WARNING: Address 140 is outside range for A Read
blk_mem_gen_v8_4_2 WARNING: Address 140 is outside range for A Read
blk_mem_gen_v8_4_2 WARNING: Address 140 is outside range for A Read
blk_mem_gen_v8_4_2 WARNING: Address 140 is outside range for A Read
blk_mem_gen_v8_4_2 WARNING: Address 140 is outside range for A Read
blk_mem_gen_v8_4_2 WARNING: Address 140 is outside range for A Read
blk_mem_gen_v8_4_2 WARNING: Address 140 is outside range for A Read
blk_mem_gen_v8_4_2 WARNING: Address 140 is outside range for A Read
blk_mem_gen_v8_4_2 WARNING: Address 140 is outside range for A Read
blk_mem_gen_v8_4_2 WARNING: Address 140 is outside range for A Read
blk_mem_gen_v8_4_2 WARNING: Address 140 is outside range for A Read
blk_mem_gen_v8_4_2 WARNING: Address 140 is outside range for A Read
blk_mem_gen_v8_4_2 WARNING: Address 140 is outside range for A Read
blk_mem_gen_v8_4_2 WARNING: Address 140 is outside range for A Read
blk_mem_gen_v8_4_2 WARNING: Address 140 is outside range for A Read
blk_mem_gen_v8_4_2 WARNING: Address 140 is outside range for A Read
blk_mem_gen_v8_4_2 WARNING: Address 140 is outside range for A Read
blk_mem_gen_v8_4_2 WARNING: Address 140 is outside range for A Read
blk_mem_gen_v8_4_2 WARNING: Address 140 is outside range for A Read
blk_mem_gen_v8_4_2 WARNING: Address 140 is outside range for A Read
blk_mem_gen_v8_4_2 WARNING: Address 140 is outside range for A Read
blk_mem_gen_v8_4_2 WARNING: Address 140 is outside range for A Read
blk_mem_gen_v8_4_2 WARNING: Address 140 is outside range for A Read
blk_mem_gen_v8_4_2 WARNING: Address 140 is outside range for A Read
blk_mem_gen_v8_4_2 WARNING: Address 140 is outside range for A Read
blk_mem_gen_v8_4_2 WARNING: Address 140 is outside range for A Read
blk_mem_gen_v8_4_2 WARNING: Address 140 is outside range for A Read
blk_mem_gen_v8_4_2 WARNING: Address 140 is outside range for A Read
blk_mem_gen_v8_4_2 WARNING: Address 140 is outside range for A Read
blk_mem_gen_v8_4_2 WARNING: Address 140 is outside range for A Read
blk_mem_gen_v8_4_2 WARNING: Address 140 is outside range for A Read
blk_mem_gen_v8_4_2 WARNING: Address 140 is outside range for A Read
blk_mem_gen_v8_4_2 WARNING: Address 140 is outside range for A Read
blk_mem_gen_v8_4_2 WARNING: Address 140 is outside range for A Read
blk_mem_gen_v8_4_2 WARNING: Address 140 is outside range for A Read
blk_mem_gen_v8_4_2 WARNING: Address 140 is outside range for A Read
close_sim
INFO: [Simtcl 6-16] Simulation closed
close_sim: Time (s): cpu = 00:00:01 ; elapsed = 00:00:05 . Memory (MB): peak = 912.426 ; gain = 0.000
exit
INFO: [Common 17-206] Exiting Vivado at Sat Apr 23 14:11:47 2022...
