#-----------------------------------------------------------
# Vivado v2018.3 (64-bit)
# SW Build 2405991 on Thu Dec  6 23:38:27 MST 2018
# IP Build 2404404 on Fri Dec  7 01:43:56 MST 2018
# Start of session at: Wed Mar 30 20:48:42 2022
# Process ID: 11188
# Current directory: C:/Users/WYHAIRCAS/Desktop/plus_compress/four_way_out
# Command line: vivado.exe -gui_launcher_event rodinguilauncherevent624 C:\Users\WYHAIRCAS\Desktop\plus_compress\four_way_out\four_way_out.xpr
# Log file: C:/Users/WYHAIRCAS/Desktop/plus_compress/four_way_out/vivado.log
# Journal file: C:/Users/WYHAIRCAS/Desktop/plus_compress/four_way_out\vivado.jou
#-----------------------------------------------------------
start_gui
open_project C:/Users/WYHAIRCAS/Desktop/plus_compress/four_way_out/four_way_out.xpr
Scanning sources...
Finished scanning sources
INFO: [IP_Flow 19-234] Refreshing IP repositories
INFO: [IP_Flow 19-1704] No user IP repositories specified
INFO: [IP_Flow 19-2313] Loaded Vivado IP repository 'D:/install_location/vivado18_3/Vivado/2018.3/data/ip'.
open_project: Time (s): cpu = 00:00:15 ; elapsed = 00:00:16 . Memory (MB): peak = 795.039 ; gain = 128.938
update_compile_order -fileset sources_1
INFO: [Device 21-403] Loading part xc7k325tfbg676-2
WARNING: [IP_Flow 19-4067] Ignoring invalid widget type specified checkbox.Providing a default widget
WARNING: [IP_Flow 19-4067] Ignoring invalid widget type specified checkbox.Providing a default widget
reset_run synth_1
launch_runs synth_1 -jobs 16
INFO: [Vivado 12-4149] The synthesis checkpoint for IP 'C:/Users/WYHAIRCAS/Desktop/plus_compress/four_way_out/four_way_out.srcs/sources_1/ip/ROM_320x16_S_I/ROM_320x16_S_I.xci' is already up-to-date
INFO: [Vivado 12-4149] The synthesis checkpoint for IP 'C:/Users/WYHAIRCAS/Desktop/plus_compress/four_way_out/four_way_out.srcs/sources_1/ip/Conv_Sq_Hq/Conv_Sq_Hq.xci' is already up-to-date
INFO: [Vivado 12-4149] The synthesis checkpoint for IP 'C:/Users/WYHAIRCAS/Desktop/plus_compress/four_way_out/four_way_out.srcs/sources_1/ip/Conv_Sq_Hi/Conv_Sq_Hi.xci' is already up-to-date
INFO: [Vivado 12-4149] The synthesis checkpoint for IP 'C:/Users/WYHAIRCAS/Desktop/plus_compress/four_way_out/four_way_out.srcs/sources_1/ip/Conv_Si_Hq/Conv_Si_Hq.xci' is already up-to-date
INFO: [Vivado 12-4149] The synthesis checkpoint for IP 'C:/Users/WYHAIRCAS/Desktop/plus_compress/four_way_out/four_way_out.srcs/sources_1/ip/Conv_Si_Hi/Conv_Si_Hi.xci' is already up-to-date
[Wed Mar 30 20:50:07 2022] Launched synth_1...
Run output will be captured here: C:/Users/WYHAIRCAS/Desktop/plus_compress/four_way_out/four_way_out.runs/synth_1/runme.log
copy_ip -name ROM_320x16_S_I_1 -dir c:/Users/WYHAIRCAS/Desktop/plus_compress/four_way_out/four_way_out.srcs/sources_1/ip [get_ips  ROM_320x16_S_I]
CRITICAL WARNING: [IP_Flow 19-1673] Failed to find file 'ROM_320x16_S_I.mem' while importing IP 'ROM_320x16_S_I_1'. This is a mandatory source file and must exist for import to be successful. Please ensure this file exists.
update_compile_order -fileset sources_1
export_ip_user_files -of_objects  [get_files c:/Users/WYHAIRCAS/Desktop/plus_compress/four_way_out/four_way_out.srcs/sources_1/ip/ROM_320x16_S_I_1/ROM_320x16_S_I_1.xci] -no_script -reset -force -quiet
remove_files  c:/Users/WYHAIRCAS/Desktop/plus_compress/four_way_out/four_way_out.srcs/sources_1/ip/ROM_320x16_S_I_1/ROM_320x16_S_I_1.xci
file delete -force c:/Users/WYHAIRCAS/Desktop/plus_compress/four_way_out/four_way_out.srcs/sources_1/ip/ROM_320x16_S_I_1
exit
INFO: [Common 17-206] Exiting Vivado at Wed Mar 30 22:49:33 2022...
