#-----------------------------------------------------------
# Vivado v2018.3 (64-bit)
# SW Build 2405991 on Thu Dec  6 23:38:27 MST 2018
# IP Build 2404404 on Fri Dec  7 01:43:56 MST 2018
# Start of session at: Thu Apr  7 22:23:37 2022
# Process ID: 15580
# Current directory: C:/Users/WYHAIRCAS/Desktop/plus_compress/Plus_Compress_Wave_Out_chipscope
# Command line: vivado.exe -gui_launcher_event rodinguilauncherevent16232 C:\Users\WYHAIRCAS\Desktop\plus_compress\Plus_Compress_Wave_Out_chipscope\Plus_Compress_Wave_Out.xpr
# Log file: C:/Users/WYHAIRCAS/Desktop/plus_compress/Plus_Compress_Wave_Out_chipscope/vivado.log
# Journal file: C:/Users/WYHAIRCAS/Desktop/plus_compress/Plus_Compress_Wave_Out_chipscope\vivado.jou
#-----------------------------------------------------------
start_gui
open_project C:/Users/WYHAIRCAS/Desktop/plus_compress/Plus_Compress_Wave_Out_chipscope/Plus_Compress_Wave_Out.xpr
Scanning sources...
Finished scanning sources
INFO: [IP_Flow 19-234] Refreshing IP repositories
INFO: [IP_Flow 19-1704] No user IP repositories specified
INFO: [IP_Flow 19-2313] Loaded Vivado IP repository 'D:/install_location/vivado18_3/Vivado/2018.3/data/ip'.
open_project: Time (s): cpu = 00:00:13 ; elapsed = 00:00:07 . Memory (MB): peak = 861.852 ; gain = 216.180
update_compile_order -fileset sources_1
synth_design -rtl -name rtl_1
Command: synth_design -rtl -name rtl_1
Starting synth_design
Using part: xc7k325tfbg676-2
Top: compress_result_top
WARNING: [Synth 8-2611] redeclaration of ansi port compress_result is not allowed [C:/Users/WYHAIRCAS/Desktop/plus_compress/Plus_Compress_Wave_Out_chipscope/Plus_Compress_Wave_Out.srcs/sources_1/new/compress_result_top.v:37]
WARNING: [Synth 8-976] compress_result has already been declared [C:/Users/WYHAIRCAS/Desktop/plus_compress/Plus_Compress_Wave_Out_chipscope/Plus_Compress_Wave_Out.srcs/sources_1/new/compress_result_top.v:37]
WARNING: [Synth 8-2654] second declaration of compress_result ignored [C:/Users/WYHAIRCAS/Desktop/plus_compress/Plus_Compress_Wave_Out_chipscope/Plus_Compress_Wave_Out.srcs/sources_1/new/compress_result_top.v:37]
INFO: [Synth 8-994] compress_result is declared here [C:/Users/WYHAIRCAS/Desktop/plus_compress/Plus_Compress_Wave_Out_chipscope/Plus_Compress_Wave_Out.srcs/sources_1/new/compress_result_top.v:26]
---------------------------------------------------------------------------------
Starting RTL Elaboration : Time (s): cpu = 00:00:02 ; elapsed = 00:00:02 . Memory (MB): peak = 1534.902 ; gain = 62.660
---------------------------------------------------------------------------------
INFO: [Synth 8-6157] synthesizing module 'compress_result_top' [C:/Users/WYHAIRCAS/Desktop/plus_compress/Plus_Compress_Wave_Out_chipscope/Plus_Compress_Wave_Out.srcs/sources_1/new/compress_result_top.v:23]
INFO: [Synth 8-5534] Detected attribute (* mark_debug = "true" *) [C:/Users/WYHAIRCAS/Desktop/plus_compress/Plus_Compress_Wave_Out_chipscope/Plus_Compress_Wave_Out.srcs/sources_1/new/compress_result_top.v:24]
INFO: [Synth 8-5534] Detected attribute (* mark_debug = "true" *) [C:/Users/WYHAIRCAS/Desktop/plus_compress/Plus_Compress_Wave_Out_chipscope/Plus_Compress_Wave_Out.srcs/sources_1/new/compress_result_top.v:25]
INFO: [Synth 8-5534] Detected attribute (* mark_debug = "true" *) [C:/Users/WYHAIRCAS/Desktop/plus_compress/Plus_Compress_Wave_Out_chipscope/Plus_Compress_Wave_Out.srcs/sources_1/new/compress_result_top.v:26]
INFO: [Synth 8-5534] Detected attribute (* mark_debug = "true" *) [C:/Users/WYHAIRCAS/Desktop/plus_compress/Plus_Compress_Wave_Out_chipscope/Plus_Compress_Wave_Out.srcs/sources_1/new/compress_result_top.v:31]
INFO: [Synth 8-5534] Detected attribute (* mark_debug = "true" *) [C:/Users/WYHAIRCAS/Desktop/plus_compress/Plus_Compress_Wave_Out_chipscope/Plus_Compress_Wave_Out.srcs/sources_1/new/compress_result_top.v:32]
INFO: [Synth 8-5534] Detected attribute (* mark_debug = "true" *) [C:/Users/WYHAIRCAS/Desktop/plus_compress/Plus_Compress_Wave_Out_chipscope/Plus_Compress_Wave_Out.srcs/sources_1/new/compress_result_top.v:45]
INFO: [Synth 8-5534] Detected attribute (* mark_debug = "true" *) [C:/Users/WYHAIRCAS/Desktop/plus_compress/Plus_Compress_Wave_Out_chipscope/Plus_Compress_Wave_Out.srcs/sources_1/new/compress_result_top.v:51]
INFO: [Synth 8-5534] Detected attribute (* mark_debug = "true" *) [C:/Users/WYHAIRCAS/Desktop/plus_compress/Plus_Compress_Wave_Out_chipscope/Plus_Compress_Wave_Out.srcs/sources_1/new/compress_result_top.v:57]
INFO: [Synth 8-5534] Detected attribute (* mark_debug = "true" *) [C:/Users/WYHAIRCAS/Desktop/plus_compress/Plus_Compress_Wave_Out_chipscope/Plus_Compress_Wave_Out.srcs/sources_1/new/compress_result_top.v:63]
INFO: [Synth 8-6157] synthesizing module 'rom_fir_connect' [C:/Users/WYHAIRCAS/Desktop/plus_compress/Plus_Compress_Wave_Out_chipscope/Plus_Compress_Wave_Out.srcs/sources_1/imports/new/rom_fir_connect.v:23]
INFO: [Synth 8-6157] synthesizing module 'four_way_out' [C:/Users/WYHAIRCAS/Desktop/plus_compress/Plus_Compress_Wave_Out_chipscope/Plus_Compress_Wave_Out.srcs/sources_1/imports/new/four_way_out.v:23]
INFO: [Synth 8-6157] synthesizing module 'Conv_Si_Hi' [C:/Users/WYHAIRCAS/Desktop/plus_compress/Plus_Compress_Wave_Out_chipscope/.Xil/Vivado-15580-LAPTOP-50M5PQTT/realtime/Conv_Si_Hi_stub.v:6]
INFO: [Synth 8-6155] done synthesizing module 'Conv_Si_Hi' (1#1) [C:/Users/WYHAIRCAS/Desktop/plus_compress/Plus_Compress_Wave_Out_chipscope/.Xil/Vivado-15580-LAPTOP-50M5PQTT/realtime/Conv_Si_Hi_stub.v:6]
INFO: [Synth 8-6157] synthesizing module 'Conv_Si_Hq' [C:/Users/WYHAIRCAS/Desktop/plus_compress/Plus_Compress_Wave_Out_chipscope/.Xil/Vivado-15580-LAPTOP-50M5PQTT/realtime/Conv_Si_Hq_stub.v:6]
INFO: [Synth 8-6155] done synthesizing module 'Conv_Si_Hq' (2#1) [C:/Users/WYHAIRCAS/Desktop/plus_compress/Plus_Compress_Wave_Out_chipscope/.Xil/Vivado-15580-LAPTOP-50M5PQTT/realtime/Conv_Si_Hq_stub.v:6]
INFO: [Synth 8-6157] synthesizing module 'Conv_Sq_Hi' [C:/Users/WYHAIRCAS/Desktop/plus_compress/Plus_Compress_Wave_Out_chipscope/.Xil/Vivado-15580-LAPTOP-50M5PQTT/realtime/Conv_Sq_Hi_stub.v:6]
INFO: [Synth 8-6155] done synthesizing module 'Conv_Sq_Hi' (3#1) [C:/Users/WYHAIRCAS/Desktop/plus_compress/Plus_Compress_Wave_Out_chipscope/.Xil/Vivado-15580-LAPTOP-50M5PQTT/realtime/Conv_Sq_Hi_stub.v:6]
INFO: [Synth 8-6157] synthesizing module 'Conv_Sq_Hq' [C:/Users/WYHAIRCAS/Desktop/plus_compress/Plus_Compress_Wave_Out_chipscope/.Xil/Vivado-15580-LAPTOP-50M5PQTT/realtime/Conv_Sq_Hq_stub.v:6]
INFO: [Synth 8-6155] done synthesizing module 'Conv_Sq_Hq' (4#1) [C:/Users/WYHAIRCAS/Desktop/plus_compress/Plus_Compress_Wave_Out_chipscope/.Xil/Vivado-15580-LAPTOP-50M5PQTT/realtime/Conv_Sq_Hq_stub.v:6]
INFO: [Synth 8-6155] done synthesizing module 'four_way_out' (5#1) [C:/Users/WYHAIRCAS/Desktop/plus_compress/Plus_Compress_Wave_Out_chipscope/Plus_Compress_Wave_Out.srcs/sources_1/imports/new/four_way_out.v:23]
INFO: [Synth 8-6157] synthesizing module 'ROM_Control' [C:/Users/WYHAIRCAS/Desktop/plus_compress/Plus_Compress_Wave_Out_chipscope/Plus_Compress_Wave_Out.srcs/sources_1/imports/new/ROM_Control.v:23]
INFO: [Synth 8-5534] Detected attribute (* mark_debug = "true" *) [C:/Users/WYHAIRCAS/Desktop/plus_compress/Plus_Compress_Wave_Out_chipscope/Plus_Compress_Wave_Out.srcs/sources_1/imports/new/ROM_Control.v:26]
INFO: [Synth 8-5534] Detected attribute (* mark_debug = "true" *) [C:/Users/WYHAIRCAS/Desktop/plus_compress/Plus_Compress_Wave_Out_chipscope/Plus_Compress_Wave_Out.srcs/sources_1/imports/new/ROM_Control.v:27]
INFO: [Synth 8-6157] synthesizing module 'ROM_320x16_S_I' [C:/Users/WYHAIRCAS/Desktop/plus_compress/Plus_Compress_Wave_Out_chipscope/.Xil/Vivado-15580-LAPTOP-50M5PQTT/realtime/ROM_320x16_S_I_stub.v:6]
INFO: [Synth 8-6155] done synthesizing module 'ROM_320x16_S_I' (6#1) [C:/Users/WYHAIRCAS/Desktop/plus_compress/Plus_Compress_Wave_Out_chipscope/.Xil/Vivado-15580-LAPTOP-50M5PQTT/realtime/ROM_320x16_S_I_stub.v:6]
INFO: [Synth 8-6157] synthesizing module 'ROM_320x16_S_Q' [C:/Users/WYHAIRCAS/Desktop/plus_compress/Plus_Compress_Wave_Out_chipscope/.Xil/Vivado-15580-LAPTOP-50M5PQTT/realtime/ROM_320x16_S_Q_stub.v:6]
INFO: [Synth 8-6155] done synthesizing module 'ROM_320x16_S_Q' (7#1) [C:/Users/WYHAIRCAS/Desktop/plus_compress/Plus_Compress_Wave_Out_chipscope/.Xil/Vivado-15580-LAPTOP-50M5PQTT/realtime/ROM_320x16_S_Q_stub.v:6]
INFO: [Synth 8-6071] Mark debug on the nets applies keep_hierarchy on instance 'ROM_320x16_S_I_inst'. This will prevent further optimization [C:/Users/WYHAIRCAS/Desktop/plus_compress/Plus_Compress_Wave_Out_chipscope/Plus_Compress_Wave_Out.srcs/sources_1/imports/new/ROM_Control.v:29]
INFO: [Synth 8-6071] Mark debug on the nets applies keep_hierarchy on instance 'ROM_320x16_S_Q_inst'. This will prevent further optimization [C:/Users/WYHAIRCAS/Desktop/plus_compress/Plus_Compress_Wave_Out_chipscope/Plus_Compress_Wave_Out.srcs/sources_1/imports/new/ROM_Control.v:35]
INFO: [Synth 8-6155] done synthesizing module 'ROM_Control' (8#1) [C:/Users/WYHAIRCAS/Desktop/plus_compress/Plus_Compress_Wave_Out_chipscope/Plus_Compress_Wave_Out.srcs/sources_1/imports/new/ROM_Control.v:23]
INFO: [Synth 8-6155] done synthesizing module 'rom_fir_connect' (9#1) [C:/Users/WYHAIRCAS/Desktop/plus_compress/Plus_Compress_Wave_Out_chipscope/Plus_Compress_Wave_Out.srcs/sources_1/imports/new/rom_fir_connect.v:23]
INFO: [Synth 8-6157] synthesizing module 'result_out_abs' [C:/Users/WYHAIRCAS/Desktop/plus_compress/Plus_Compress_Wave_Out_chipscope/Plus_Compress_Wave_Out.srcs/sources_1/new/result_out_abs.v:23]
INFO: [Synth 8-6157] synthesizing module 'cordic_0' [C:/Users/WYHAIRCAS/Desktop/plus_compress/Plus_Compress_Wave_Out_chipscope/.Xil/Vivado-15580-LAPTOP-50M5PQTT/realtime/cordic_0_stub.v:6]
INFO: [Synth 8-6155] done synthesizing module 'cordic_0' (10#1) [C:/Users/WYHAIRCAS/Desktop/plus_compress/Plus_Compress_Wave_Out_chipscope/.Xil/Vivado-15580-LAPTOP-50M5PQTT/realtime/cordic_0_stub.v:6]
INFO: [Synth 8-6155] done synthesizing module 'result_out_abs' (11#1) [C:/Users/WYHAIRCAS/Desktop/plus_compress/Plus_Compress_Wave_Out_chipscope/Plus_Compress_Wave_Out.srcs/sources_1/new/result_out_abs.v:23]
INFO: [Synth 8-6071] Mark debug on the nets applies keep_hierarchy on instance 'result_out_abs_inst'. This will prevent further optimization [C:/Users/WYHAIRCAS/Desktop/plus_compress/Plus_Compress_Wave_Out_chipscope/Plus_Compress_Wave_Out.srcs/sources_1/new/compress_result_top.v:125]
INFO: [Synth 8-6071] Mark debug on the nets applies keep_hierarchy on instance 'rom_fir_connect_inst'. This will prevent further optimization [C:/Users/WYHAIRCAS/Desktop/plus_compress/Plus_Compress_Wave_Out_chipscope/Plus_Compress_Wave_Out.srcs/sources_1/new/compress_result_top.v:95]
INFO: [Synth 8-6155] done synthesizing module 'compress_result_top' (12#1) [C:/Users/WYHAIRCAS/Desktop/plus_compress/Plus_Compress_Wave_Out_chipscope/Plus_Compress_Wave_Out.srcs/sources_1/new/compress_result_top.v:23]
---------------------------------------------------------------------------------
Finished RTL Elaboration : Time (s): cpu = 00:00:02 ; elapsed = 00:00:02 . Memory (MB): peak = 1581.316 ; gain = 109.074
---------------------------------------------------------------------------------

Report Check Netlist: 
+------+------------------+-------+---------+-------+------------------+
|      |Item              |Errors |Warnings |Status |Description       |
+------+------------------+-------+---------+-------+------------------+
|1     |multi_driven_nets |      0|        0|Passed |Multi driven nets |
+------+------------------+-------+---------+-------+------------------+
---------------------------------------------------------------------------------
Start Handling Custom Attributes
---------------------------------------------------------------------------------
---------------------------------------------------------------------------------
Finished Handling Custom Attributes : Time (s): cpu = 00:00:02 ; elapsed = 00:00:02 . Memory (MB): peak = 1581.316 ; gain = 109.074
---------------------------------------------------------------------------------
---------------------------------------------------------------------------------
Finished RTL Optimization Phase 1 : Time (s): cpu = 00:00:02 ; elapsed = 00:00:02 . Memory (MB): peak = 1581.316 ; gain = 109.074
---------------------------------------------------------------------------------
INFO: [Project 1-454] Reading design checkpoint 'c:/Users/WYHAIRCAS/Desktop/plus_compress/Plus_Compress_Wave_Out_chipscope/Plus_Compress_Wave_Out.srcs/sources_1/ip/Conv_Si_Hi/Conv_Si_Hi.dcp' for cell 'rom_fir_connect_inst/four_way_out_inst/Conv_Si_Hi_inst'
INFO: [Project 1-454] Reading design checkpoint 'c:/Users/WYHAIRCAS/Desktop/plus_compress/Plus_Compress_Wave_Out_chipscope/Plus_Compress_Wave_Out.srcs/sources_1/ip/Conv_Si_Hq/Conv_Si_Hq.dcp' for cell 'rom_fir_connect_inst/four_way_out_inst/Conv_Si_Hq_inst'
INFO: [Project 1-454] Reading design checkpoint 'c:/Users/WYHAIRCAS/Desktop/plus_compress/Plus_Compress_Wave_Out_chipscope/Plus_Compress_Wave_Out.srcs/sources_1/ip/Conv_Sq_Hi/Conv_Sq_Hi.dcp' for cell 'rom_fir_connect_inst/four_way_out_inst/Conv_Sq_Hi_inst'
INFO: [Project 1-454] Reading design checkpoint 'c:/Users/WYHAIRCAS/Desktop/plus_compress/Plus_Compress_Wave_Out_chipscope/Plus_Compress_Wave_Out.srcs/sources_1/ip/Conv_Sq_Hq/Conv_Sq_Hq.dcp' for cell 'rom_fir_connect_inst/four_way_out_inst/Conv_Sq_Hq_inst'
INFO: [Project 1-454] Reading design checkpoint 'c:/Users/WYHAIRCAS/Desktop/plus_compress/Plus_Compress_Wave_Out_chipscope/Plus_Compress_Wave_Out.srcs/sources_1/ip/ROM_320x16_S_I/ROM_320x16_S_I.dcp' for cell 'rom_fir_connect_inst/ROM_Control_inst/ROM_320x16_S_I_inst'
INFO: [Project 1-454] Reading design checkpoint 'c:/Users/WYHAIRCAS/Desktop/plus_compress/Plus_Compress_Wave_Out_chipscope/Plus_Compress_Wave_Out.srcs/sources_1/ip/ROM_320x16_S_Q/ROM_320x16_S_Q.dcp' for cell 'rom_fir_connect_inst/ROM_Control_inst/ROM_320x16_S_Q_inst'
INFO: [Project 1-454] Reading design checkpoint 'c:/Users/WYHAIRCAS/Desktop/plus_compress/Plus_Compress_Wave_Out_chipscope/Plus_Compress_Wave_Out.srcs/sources_1/ip/cordic_0/cordic_0.dcp' for cell 'result_out_abs_inst/cordic_0_inst'
INFO: [Netlist 29-17] Analyzing 2062 Unisim elements for replacement
INFO: [Netlist 29-28] Unisim Transformation completed in 0 CPU seconds
INFO: [Project 1-479] Netlist was created with Vivado 2018.3
INFO: [Device 21-403] Loading part xc7k325tfbg676-2
INFO: [Project 1-570] Preparing netlist for logic optimization
WARNING: [Opt 31-233] Net with MARK_DEBUG TRUE property was optimized: compress_result[0]
Resolution: To prevent optimization apply the following XDC constraint before opt_design: set_property DONT_TOUCH TRUE [get_nets compress_result[0]]
WARNING: [Opt 31-233] Net with MARK_DEBUG TRUE property was optimized: compress_result[0]
Resolution: To prevent optimization apply the following XDC constraint before opt_design: set_property DONT_TOUCH TRUE [get_nets compress_result[0]]
WARNING: [Opt 31-233] Net with MARK_DEBUG TRUE property was optimized: compress_result_OBUF[10]
Resolution: To prevent optimization apply the following XDC constraint before opt_design: set_property DONT_TOUCH TRUE [get_nets compress_result_OBUF[10]]
WARNING: [Opt 31-233] Net with MARK_DEBUG TRUE property was optimized: compress_result_OBUF[10]
Resolution: To prevent optimization apply the following XDC constraint before opt_design: set_property DONT_TOUCH TRUE [get_nets compress_result_OBUF[10]]
WARNING: [Opt 31-233] Net with MARK_DEBUG TRUE property was optimized: compress_result_OBUF[11]
Resolution: To prevent optimization apply the following XDC constraint before opt_design: set_property DONT_TOUCH TRUE [get_nets compress_result_OBUF[11]]
WARNING: [Opt 31-233] Net with MARK_DEBUG TRUE property was optimized: compress_result_OBUF[11]
Resolution: To prevent optimization apply the following XDC constraint before opt_design: set_property DONT_TOUCH TRUE [get_nets compress_result_OBUF[11]]
WARNING: [Opt 31-233] Net with MARK_DEBUG TRUE property was optimized: compress_result_OBUF[12]
Resolution: To prevent optimization apply the following XDC constraint before opt_design: set_property DONT_TOUCH TRUE [get_nets compress_result_OBUF[12]]
WARNING: [Opt 31-233] Net with MARK_DEBUG TRUE property was optimized: compress_result_OBUF[12]
Resolution: To prevent optimization apply the following XDC constraint before opt_design: set_property DONT_TOUCH TRUE [get_nets compress_result_OBUF[12]]
WARNING: [Opt 31-233] Net with MARK_DEBUG TRUE property was optimized: compress_result_OBUF[13]
Resolution: To prevent optimization apply the following XDC constraint before opt_design: set_property DONT_TOUCH TRUE [get_nets compress_result_OBUF[13]]
WARNING: [Opt 31-233] Net with MARK_DEBUG TRUE property was optimized: compress_result_OBUF[13]
Resolution: To prevent optimization apply the following XDC constraint before opt_design: set_property DONT_TOUCH TRUE [get_nets compress_result_OBUF[13]]
WARNING: [Opt 31-233] Net with MARK_DEBUG TRUE property was optimized: compress_result_OBUF[14]
Resolution: To prevent optimization apply the following XDC constraint before opt_design: set_property DONT_TOUCH TRUE [get_nets compress_result_OBUF[14]]
WARNING: [Opt 31-233] Net with MARK_DEBUG TRUE property was optimized: compress_result_OBUF[14]
Resolution: To prevent optimization apply the following XDC constraint before opt_design: set_property DONT_TOUCH TRUE [get_nets compress_result_OBUF[14]]
WARNING: [Opt 31-233] Net with MARK_DEBUG TRUE property was optimized: compress_result_OBUF[15]
Resolution: To prevent optimization apply the following XDC constraint before opt_design: set_property DONT_TOUCH TRUE [get_nets compress_result_OBUF[15]]
WARNING: [Opt 31-233] Net with MARK_DEBUG TRUE property was optimized: compress_result_OBUF[15]
Resolution: To prevent optimization apply the following XDC constraint before opt_design: set_property DONT_TOUCH TRUE [get_nets compress_result_OBUF[15]]
WARNING: [Opt 31-233] Net with MARK_DEBUG TRUE property was optimized: compress_result_OBUF[16]
Resolution: To prevent optimization apply the following XDC constraint before opt_design: set_property DONT_TOUCH TRUE [get_nets compress_result_OBUF[16]]
WARNING: [Opt 31-233] Net with MARK_DEBUG TRUE property was optimized: compress_result_OBUF[16]
Resolution: To prevent optimization apply the following XDC constraint before opt_design: set_property DONT_TOUCH TRUE [get_nets compress_result_OBUF[16]]
WARNING: [Opt 31-233] Net with MARK_DEBUG TRUE property was optimized: compress_result_OBUF[17]
Resolution: To prevent optimization apply the following XDC constraint before opt_design: set_property DONT_TOUCH TRUE [get_nets compress_result_OBUF[17]]
WARNING: [Opt 31-233] Net with MARK_DEBUG TRUE property was optimized: compress_result_OBUF[17]
Resolution: To prevent optimization apply the following XDC constraint before opt_design: set_property DONT_TOUCH TRUE [get_nets compress_result_OBUF[17]]
WARNING: [Opt 31-233] Net with MARK_DEBUG TRUE property was optimized: compress_result_OBUF[18]
Resolution: To prevent optimization apply the following XDC constraint before opt_design: set_property DONT_TOUCH TRUE [get_nets compress_result_OBUF[18]]
WARNING: [Opt 31-233] Net with MARK_DEBUG TRUE property was optimized: compress_result_OBUF[18]
Resolution: To prevent optimization apply the following XDC constraint before opt_design: set_property DONT_TOUCH TRUE [get_nets compress_result_OBUF[18]]
WARNING: [Opt 31-233] Net with MARK_DEBUG TRUE property was optimized: compress_result_OBUF[19]
Resolution: To prevent optimization apply the following XDC constraint before opt_design: set_property DONT_TOUCH TRUE [get_nets compress_result_OBUF[19]]
WARNING: [Opt 31-233] Net with MARK_DEBUG TRUE property was optimized: compress_result_OBUF[19]
Resolution: To prevent optimization apply the following XDC constraint before opt_design: set_property DONT_TOUCH TRUE [get_nets compress_result_OBUF[19]]
WARNING: [Opt 31-233] Net with MARK_DEBUG TRUE property was optimized: compress_result_OBUF[1]
Resolution: To prevent optimization apply the following XDC constraint before opt_design: set_property DONT_TOUCH TRUE [get_nets compress_result_OBUF[1]]
WARNING: [Opt 31-233] Net with MARK_DEBUG TRUE property was optimized: compress_result_OBUF[1]
Resolution: To prevent optimization apply the following XDC constraint before opt_design: set_property DONT_TOUCH TRUE [get_nets compress_result_OBUF[1]]
WARNING: [Opt 31-233] Net with MARK_DEBUG TRUE property was optimized: compress_result_OBUF[20]
Resolution: To prevent optimization apply the following XDC constraint before opt_design: set_property DONT_TOUCH TRUE [get_nets compress_result_OBUF[20]]
WARNING: [Opt 31-233] Net with MARK_DEBUG TRUE property was optimized: compress_result_OBUF[20]
Resolution: To prevent optimization apply the following XDC constraint before opt_design: set_property DONT_TOUCH TRUE [get_nets compress_result_OBUF[20]]
WARNING: [Opt 31-233] Net with MARK_DEBUG TRUE property was optimized: compress_result_OBUF[21]
Resolution: To prevent optimization apply the following XDC constraint before opt_design: set_property DONT_TOUCH TRUE [get_nets compress_result_OBUF[21]]
WARNING: [Opt 31-233] Net with MARK_DEBUG TRUE property was optimized: compress_result_OBUF[21]
Resolution: To prevent optimization apply the following XDC constraint before opt_design: set_property DONT_TOUCH TRUE [get_nets compress_result_OBUF[21]]
WARNING: [Opt 31-233] Net with MARK_DEBUG TRUE property was optimized: compress_result_OBUF[22]
Resolution: To prevent optimization apply the following XDC constraint before opt_design: set_property DONT_TOUCH TRUE [get_nets compress_result_OBUF[22]]
WARNING: [Opt 31-233] Net with MARK_DEBUG TRUE property was optimized: compress_result_OBUF[22]
Resolution: To prevent optimization apply the following XDC constraint before opt_design: set_property DONT_TOUCH TRUE [get_nets compress_result_OBUF[22]]
WARNING: [Opt 31-233] Net with MARK_DEBUG TRUE property was optimized: compress_result_OBUF[23]
Resolution: To prevent optimization apply the following XDC constraint before opt_design: set_property DONT_TOUCH TRUE [get_nets compress_result_OBUF[23]]
WARNING: [Opt 31-233] Net with MARK_DEBUG TRUE property was optimized: compress_result_OBUF[23]
Resolution: To prevent optimization apply the following XDC constraint before opt_design: set_property DONT_TOUCH TRUE [get_nets compress_result_OBUF[23]]
WARNING: [Opt 31-233] Net with MARK_DEBUG TRUE property was optimized: compress_result_OBUF[24]
Resolution: To prevent optimization apply the following XDC constraint before opt_design: set_property DONT_TOUCH TRUE [get_nets compress_result_OBUF[24]]
WARNING: [Opt 31-233] Net with MARK_DEBUG TRUE property was optimized: compress_result_OBUF[24]
Resolution: To prevent optimization apply the following XDC constraint before opt_design: set_property DONT_TOUCH TRUE [get_nets compress_result_OBUF[24]]
WARNING: [Opt 31-233] Net with MARK_DEBUG TRUE property was optimized: compress_result_OBUF[25]
Resolution: To prevent optimization apply the following XDC constraint before opt_design: set_property DONT_TOUCH TRUE [get_nets compress_result_OBUF[25]]
WARNING: [Opt 31-233] Net with MARK_DEBUG TRUE property was optimized: compress_result_OBUF[25]
Resolution: To prevent optimization apply the following XDC constraint before opt_design: set_property DONT_TOUCH TRUE [get_nets compress_result_OBUF[25]]
WARNING: [Opt 31-233] Net with MARK_DEBUG TRUE property was optimized: compress_result_OBUF[26]
Resolution: To prevent optimization apply the following XDC constraint before opt_design: set_property DONT_TOUCH TRUE [get_nets compress_result_OBUF[26]]
WARNING: [Opt 31-233] Net with MARK_DEBUG TRUE property was optimized: compress_result_OBUF[26]
Resolution: To prevent optimization apply the following XDC constraint before opt_design: set_property DONT_TOUCH TRUE [get_nets compress_result_OBUF[26]]
WARNING: [Opt 31-233] Net with MARK_DEBUG TRUE property was optimized: compress_result_OBUF[27]
Resolution: To prevent optimization apply the following XDC constraint before opt_design: set_property DONT_TOUCH TRUE [get_nets compress_result_OBUF[27]]
WARNING: [Opt 31-233] Net with MARK_DEBUG TRUE property was optimized: compress_result_OBUF[27]
Resolution: To prevent optimization apply the following XDC constraint before opt_design: set_property DONT_TOUCH TRUE [get_nets compress_result_OBUF[27]]
WARNING: [Opt 31-233] Net with MARK_DEBUG TRUE property was optimized: compress_result_OBUF[28]
Resolution: To prevent optimization apply the following XDC constraint before opt_design: set_property DONT_TOUCH TRUE [get_nets compress_result_OBUF[28]]
WARNING: [Opt 31-233] Net with MARK_DEBUG TRUE property was optimized: compress_result_OBUF[28]
Resolution: To prevent optimization apply the following XDC constraint before opt_design: set_property DONT_TOUCH TRUE [get_nets compress_result_OBUF[28]]
WARNING: [Opt 31-233] Net with MARK_DEBUG TRUE property was optimized: compress_result_OBUF[29]
Resolution: To prevent optimization apply the following XDC constraint before opt_design: set_property DONT_TOUCH TRUE [get_nets compress_result_OBUF[29]]
WARNING: [Opt 31-233] Net with MARK_DEBUG TRUE property was optimized: compress_result_OBUF[29]
Resolution: To prevent optimization apply the following XDC constraint before opt_design: set_property DONT_TOUCH TRUE [get_nets compress_result_OBUF[29]]
WARNING: [Opt 31-233] Net with MARK_DEBUG TRUE property was optimized: compress_result_OBUF[2]
Resolution: To prevent optimization apply the following XDC constraint before opt_design: set_property DONT_TOUCH TRUE [get_nets compress_result_OBUF[2]]
WARNING: [Opt 31-233] Net with MARK_DEBUG TRUE property was optimized: compress_result_OBUF[2]
Resolution: To prevent optimization apply the following XDC constraint before opt_design: set_property DONT_TOUCH TRUE [get_nets compress_result_OBUF[2]]
WARNING: [Opt 31-233] Net with MARK_DEBUG TRUE property was optimized: compress_result_OBUF[30]
Resolution: To prevent optimization apply the following XDC constraint before opt_design: set_property DONT_TOUCH TRUE [get_nets compress_result_OBUF[30]]
WARNING: [Opt 31-233] Net with MARK_DEBUG TRUE property was optimized: compress_result_OBUF[30]
Resolution: To prevent optimization apply the following XDC constraint before opt_design: set_property DONT_TOUCH TRUE [get_nets compress_result_OBUF[30]]
WARNING: [Opt 31-233] Net with MARK_DEBUG TRUE property was optimized: compress_result_OBUF[31]
Resolution: To prevent optimization apply the following XDC constraint before opt_design: set_property DONT_TOUCH TRUE [get_nets compress_result_OBUF[31]]
WARNING: [Opt 31-233] Net with MARK_DEBUG TRUE property was optimized: compress_result_OBUF[31]
Resolution: To prevent optimization apply the following XDC constraint before opt_design: set_property DONT_TOUCH TRUE [get_nets compress_result_OBUF[31]]
WARNING: [Opt 31-233] Net with MARK_DEBUG TRUE property was optimized: compress_result_OBUF[32]
Resolution: To prevent optimization apply the following XDC constraint before opt_design: set_property DONT_TOUCH TRUE [get_nets compress_result_OBUF[32]]
WARNING: [Opt 31-233] Net with MARK_DEBUG TRUE property was optimized: compress_result_OBUF[32]
Resolution: To prevent optimization apply the following XDC constraint before opt_design: set_property DONT_TOUCH TRUE [get_nets compress_result_OBUF[32]]
WARNING: [Opt 31-233] Net with MARK_DEBUG TRUE property was optimized: compress_result_OBUF[33]
Resolution: To prevent optimization apply the following XDC constraint before opt_design: set_property DONT_TOUCH TRUE [get_nets compress_result_OBUF[33]]
WARNING: [Opt 31-233] Net with MARK_DEBUG TRUE property was optimized: compress_result_OBUF[33]
Resolution: To prevent optimization apply the following XDC constraint before opt_design: set_property DONT_TOUCH TRUE [get_nets compress_result_OBUF[33]]
WARNING: [Opt 31-233] Net with MARK_DEBUG TRUE property was optimized: compress_result_OBUF[34]
Resolution: To prevent optimization apply the following XDC constraint before opt_design: set_property DONT_TOUCH TRUE [get_nets compress_result_OBUF[34]]
WARNING: [Opt 31-233] Net with MARK_DEBUG TRUE property was optimized: compress_result_OBUF[34]
Resolution: To prevent optimization apply the following XDC constraint before opt_design: set_property DONT_TOUCH TRUE [get_nets compress_result_OBUF[34]]
WARNING: [Opt 31-233] Net with MARK_DEBUG TRUE property was optimized: compress_result_OBUF[35]
Resolution: To prevent optimization apply the following XDC constraint before opt_design: set_property DONT_TOUCH TRUE [get_nets compress_result_OBUF[35]]
WARNING: [Opt 31-233] Net with MARK_DEBUG TRUE property was optimized: compress_result_OBUF[35]
Resolution: To prevent optimization apply the following XDC constraint before opt_design: set_property DONT_TOUCH TRUE [get_nets compress_result_OBUF[35]]
WARNING: [Opt 31-233] Net with MARK_DEBUG TRUE property was optimized: compress_result_OBUF[36]
Resolution: To prevent optimization apply the following XDC constraint before opt_design: set_property DONT_TOUCH TRUE [get_nets compress_result_OBUF[36]]
WARNING: [Opt 31-233] Net with MARK_DEBUG TRUE property was optimized: compress_result_OBUF[36]
Resolution: To prevent optimization apply the following XDC constraint before opt_design: set_property DONT_TOUCH TRUE [get_nets compress_result_OBUF[36]]
WARNING: [Opt 31-233] Net with MARK_DEBUG TRUE property was optimized: compress_result_OBUF[37]
Resolution: To prevent optimization apply the following XDC constraint before opt_design: set_property DONT_TOUCH TRUE [get_nets compress_result_OBUF[37]]
WARNING: [Opt 31-233] Net with MARK_DEBUG TRUE property was optimized: compress_result_OBUF[37]
Resolution: To prevent optimization apply the following XDC constraint before opt_design: set_property DONT_TOUCH TRUE [get_nets compress_result_OBUF[37]]
WARNING: [Opt 31-233] Net with MARK_DEBUG TRUE property was optimized: compress_result_OBUF[38]
Resolution: To prevent optimization apply the following XDC constraint before opt_design: set_property DONT_TOUCH TRUE [get_nets compress_result_OBUF[38]]
WARNING: [Opt 31-233] Net with MARK_DEBUG TRUE property was optimized: compress_result_OBUF[38]
Resolution: To prevent optimization apply the following XDC constraint before opt_design: set_property DONT_TOUCH TRUE [get_nets compress_result_OBUF[38]]
WARNING: [Opt 31-233] Net with MARK_DEBUG TRUE property was optimized: compress_result_OBUF[39]
Resolution: To prevent optimization apply the following XDC constraint before opt_design: set_property DONT_TOUCH TRUE [get_nets compress_result_OBUF[39]]
WARNING: [Opt 31-233] Net with MARK_DEBUG TRUE property was optimized: compress_result_OBUF[39]
Resolution: To prevent optimization apply the following XDC constraint before opt_design: set_property DONT_TOUCH TRUE [get_nets compress_result_OBUF[39]]
WARNING: [Opt 31-233] Net with MARK_DEBUG TRUE property was optimized: compress_result_OBUF[3]
Resolution: To prevent optimization apply the following XDC constraint before opt_design: set_property DONT_TOUCH TRUE [get_nets compress_result_OBUF[3]]
WARNING: [Opt 31-233] Net with MARK_DEBUG TRUE property was optimized: compress_result_OBUF[3]
Resolution: To prevent optimization apply the following XDC constraint before opt_design: set_property DONT_TOUCH TRUE [get_nets compress_result_OBUF[3]]
WARNING: [Opt 31-233] Net with MARK_DEBUG TRUE property was optimized: compress_result_OBUF[4]
Resolution: To prevent optimization apply the following XDC constraint before opt_design: set_property DONT_TOUCH TRUE [get_nets compress_result_OBUF[4]]
WARNING: [Opt 31-233] Net with MARK_DEBUG TRUE property was optimized: compress_result_OBUF[4]
Resolution: To prevent optimization apply the following XDC constraint before opt_design: set_property DONT_TOUCH TRUE [get_nets compress_result_OBUF[4]]
WARNING: [Opt 31-233] Net with MARK_DEBUG TRUE property was optimized: compress_result_OBUF[5]
Resolution: To prevent optimization apply the following XDC constraint before opt_design: set_property DONT_TOUCH TRUE [get_nets compress_result_OBUF[5]]
WARNING: [Opt 31-233] Net with MARK_DEBUG TRUE property was optimized: compress_result_OBUF[5]
Resolution: To prevent optimization apply the following XDC constraint before opt_design: set_property DONT_TOUCH TRUE [get_nets compress_result_OBUF[5]]
WARNING: [Opt 31-233] Net with MARK_DEBUG TRUE property was optimized: compress_result_OBUF[6]
Resolution: To prevent optimization apply the following XDC constraint before opt_design: set_property DONT_TOUCH TRUE [get_nets compress_result_OBUF[6]]
WARNING: [Opt 31-233] Net with MARK_DEBUG TRUE property was optimized: compress_result_OBUF[6]
Resolution: To prevent optimization apply the following XDC constraint before opt_design: set_property DONT_TOUCH TRUE [get_nets compress_result_OBUF[6]]
WARNING: [Opt 31-233] Net with MARK_DEBUG TRUE property was optimized: compress_result_OBUF[7]
Resolution: To prevent optimization apply the following XDC constraint before opt_design: set_property DONT_TOUCH TRUE [get_nets compress_result_OBUF[7]]
WARNING: [Opt 31-233] Net with MARK_DEBUG TRUE property was optimized: compress_result_OBUF[7]
Resolution: To prevent optimization apply the following XDC constraint before opt_design: set_property DONT_TOUCH TRUE [get_nets compress_result_OBUF[7]]
WARNING: [Opt 31-233] Net with MARK_DEBUG TRUE property was optimized: compress_result_OBUF[8]
Resolution: To prevent optimization apply the following XDC constraint before opt_design: set_property DONT_TOUCH TRUE [get_nets compress_result_OBUF[8]]
WARNING: [Opt 31-233] Net with MARK_DEBUG TRUE property was optimized: compress_result_OBUF[8]
Resolution: To prevent optimization apply the following XDC constraint before opt_design: set_property DONT_TOUCH TRUE [get_nets compress_result_OBUF[8]]
WARNING: [Opt 31-233] Net with MARK_DEBUG TRUE property was optimized: compress_result_OBUF[9]
Resolution: To prevent optimization apply the following XDC constraint before opt_design: set_property DONT_TOUCH TRUE [get_nets compress_result_OBUF[9]]
WARNING: [Opt 31-233] Net with MARK_DEBUG TRUE property was optimized: compress_result_OBUF[9]
Resolution: To prevent optimization apply the following XDC constraint before opt_design: set_property DONT_TOUCH TRUE [get_nets compress_result_OBUF[9]]
WARNING: [Opt 31-233] Net with MARK_DEBUG TRUE property was optimized: sys_clk
Resolution: To prevent optimization apply the following XDC constraint before opt_design: set_property DONT_TOUCH TRUE [get_nets sys_clk]
WARNING: [Opt 31-233] Net with MARK_DEBUG TRUE property was optimized: sys_clk
Resolution: To prevent optimization apply the following XDC constraint before opt_design: set_property DONT_TOUCH TRUE [get_nets sys_clk]
INFO: [Opt 31-140] Inserted 1 IBUFs to IO ports without IO buffers.
INFO: [Opt 31-141] Inserted 40 OBUFs to IO ports without IO buffers.

Processing XDC Constraints
Initializing timing engine
Parsing XDC File [c:/Users/WYHAIRCAS/Desktop/plus_compress/Plus_Compress_Wave_Out_chipscope/Plus_Compress_Wave_Out.srcs/sources_1/ip/Conv_Sq_Hq/constraints/fir_compiler_v7_2.xdc] for cell 'rom_fir_connect_inst/four_way_out_inst/Conv_Sq_Hq_inst/U0'
Finished Parsing XDC File [c:/Users/WYHAIRCAS/Desktop/plus_compress/Plus_Compress_Wave_Out_chipscope/Plus_Compress_Wave_Out.srcs/sources_1/ip/Conv_Sq_Hq/constraints/fir_compiler_v7_2.xdc] for cell 'rom_fir_connect_inst/four_way_out_inst/Conv_Sq_Hq_inst/U0'
Parsing XDC File [c:/Users/WYHAIRCAS/Desktop/plus_compress/Plus_Compress_Wave_Out_chipscope/Plus_Compress_Wave_Out.srcs/sources_1/ip/Conv_Sq_Hi/constraints/fir_compiler_v7_2.xdc] for cell 'rom_fir_connect_inst/four_way_out_inst/Conv_Sq_Hi_inst/U0'
Finished Parsing XDC File [c:/Users/WYHAIRCAS/Desktop/plus_compress/Plus_Compress_Wave_Out_chipscope/Plus_Compress_Wave_Out.srcs/sources_1/ip/Conv_Sq_Hi/constraints/fir_compiler_v7_2.xdc] for cell 'rom_fir_connect_inst/four_way_out_inst/Conv_Sq_Hi_inst/U0'
Parsing XDC File [c:/Users/WYHAIRCAS/Desktop/plus_compress/Plus_Compress_Wave_Out_chipscope/Plus_Compress_Wave_Out.srcs/sources_1/ip/Conv_Si_Hi/constraints/fir_compiler_v7_2.xdc] for cell 'rom_fir_connect_inst/four_way_out_inst/Conv_Si_Hi_inst/U0'
Finished Parsing XDC File [c:/Users/WYHAIRCAS/Desktop/plus_compress/Plus_Compress_Wave_Out_chipscope/Plus_Compress_Wave_Out.srcs/sources_1/ip/Conv_Si_Hi/constraints/fir_compiler_v7_2.xdc] for cell 'rom_fir_connect_inst/four_way_out_inst/Conv_Si_Hi_inst/U0'
Parsing XDC File [c:/Users/WYHAIRCAS/Desktop/plus_compress/Plus_Compress_Wave_Out_chipscope/Plus_Compress_Wave_Out.srcs/sources_1/ip/Conv_Si_Hq/constraints/fir_compiler_v7_2.xdc] for cell 'rom_fir_connect_inst/four_way_out_inst/Conv_Si_Hq_inst/U0'
Finished Parsing XDC File [c:/Users/WYHAIRCAS/Desktop/plus_compress/Plus_Compress_Wave_Out_chipscope/Plus_Compress_Wave_Out.srcs/sources_1/ip/Conv_Si_Hq/constraints/fir_compiler_v7_2.xdc] for cell 'rom_fir_connect_inst/four_way_out_inst/Conv_Si_Hq_inst/U0'
Parsing XDC File [C:/Users/WYHAIRCAS/Desktop/plus_compress/Plus_Compress_Wave_Out_chipscope/Plus_Compress_Wave_Out.srcs/constrs_1/new/plus_compress_constrains.xdc]
Finished Parsing XDC File [C:/Users/WYHAIRCAS/Desktop/plus_compress/Plus_Compress_Wave_Out_chipscope/Plus_Compress_Wave_Out.srcs/constrs_1/new/plus_compress_constrains.xdc]
INFO: [Project 1-236] Implementation specific constraints were found while reading constraint file [C:/Users/WYHAIRCAS/Desktop/plus_compress/Plus_Compress_Wave_Out_chipscope/Plus_Compress_Wave_Out.srcs/constrs_1/new/plus_compress_constrains.xdc]. These constraints will be ignored for synthesis but will be used in implementation. Impacted constraints are listed in the file [.Xil/compress_result_top_propImpl.xdc].
Resolution: To avoid this warning, move constraints listed in [.Xil/compress_result_top_propImpl.xdc] to another XDC file and exclude this new file from synthesis with the used_in_synthesis property (File Properties dialog in GUI) and re-run elaboration/synthesis.
Netlist sorting complete. Time (s): cpu = 00:00:00 ; elapsed = 00:00:00.041 . Memory (MB): peak = 1747.160 ; gain = 0.000
Completed Processing XDC Constraints

INFO: [Opt 31-138] Pushed 0 inverter(s) to 0 load pin(s).
Netlist sorting complete. Time (s): cpu = 00:00:00 ; elapsed = 00:00:00.036 . Memory (MB): peak = 1747.160 ; gain = 0.000
INFO: [Project 1-111] Unisim Transformation Summary:
No Unisim elements were transformed.

RTL Elaboration Complete:  : Time (s): cpu = 00:00:50 ; elapsed = 00:00:41 . Memory (MB): peak = 1827.984 ; gain = 355.742
57 Infos, 85 Warnings, 0 Critical Warnings and 0 Errors encountered.
synth_design completed successfully
synth_design: Time (s): cpu = 00:00:50 ; elapsed = 00:00:42 . Memory (MB): peak = 1827.984 ; gain = 355.742
reset_run impl_1
launch_runs impl_1 -jobs 16
INFO: [Vivado 12-4149] The synthesis checkpoint for IP 'C:/Users/WYHAIRCAS/Desktop/plus_compress/Plus_Compress_Wave_Out_chipscope/Plus_Compress_Wave_Out.srcs/sources_1/ip/Conv_Sq_Hq/Conv_Sq_Hq.xci' is already up-to-date
INFO: [Vivado 12-4149] The synthesis checkpoint for IP 'C:/Users/WYHAIRCAS/Desktop/plus_compress/Plus_Compress_Wave_Out_chipscope/Plus_Compress_Wave_Out.srcs/sources_1/ip/Conv_Sq_Hi/Conv_Sq_Hi.xci' is already up-to-date
[Thu Apr  7 22:25:12 2022] Launched impl_1...
Run output will be captured here: C:/Users/WYHAIRCAS/Desktop/plus_compress/Plus_Compress_Wave_Out_chipscope/Plus_Compress_Wave_Out.runs/impl_1/runme.log
close_design
open_run impl_1
INFO: [Netlist 29-17] Analyzing 2729 Unisim elements for replacement
INFO: [Netlist 29-28] Unisim Transformation completed in 1 CPU seconds
INFO: [Project 1-479] Netlist was created with Vivado 2018.3
INFO: [Project 1-570] Preparing netlist for logic optimization
INFO: [Timing 38-478] Restoring timing data from binary archive.
INFO: [Timing 38-479] Binary timing data restore complete.
INFO: [Project 1-856] Restoring constraints from binary archive.
INFO: [Project 1-853] Binary constraint restore complete.
Reading XDEF placement.
Reading placer database...
Reading XDEF routing.
Read XDEF File: Time (s): cpu = 00:00:05 ; elapsed = 00:00:05 . Memory (MB): peak = 2654.211 ; gain = 60.492
Restored from archive | CPU: 6.000000 secs | Memory: 0.000000 MB |
Finished XDEF File Restore: Time (s): cpu = 00:00:05 ; elapsed = 00:00:05 . Memory (MB): peak = 2654.211 ; gain = 60.492
Netlist sorting complete. Time (s): cpu = 00:00:00 ; elapsed = 00:00:00.040 . Memory (MB): peak = 2654.211 ; gain = 0.000
INFO: [Project 1-111] Unisim Transformation Summary:
  A total of 398 instances were transformed.
  CFGLUT5 => CFGLUT5 (SRLC32E, SRL16E): 376 instances
  RAM32M => RAM32M (RAMD32, RAMD32, RAMD32, RAMD32, RAMD32, RAMD32, RAMS32, RAMS32): 6 instances
  SRLC32E => SRL16E: 16 instances

open_run: Time (s): cpu = 00:00:32 ; elapsed = 00:00:28 . Memory (MB): peak = 2706.520 ; gain = 812.711
open_report: Time (s): cpu = 00:00:26 ; elapsed = 00:00:11 . Memory (MB): peak = 2986.195 ; gain = 276.422
exit
INFO: [Common 17-206] Exiting Vivado at Thu Apr  7 22:33:02 2022...
